{"/Users/seanalsup/Developer/orchaestaror/src/app/api/auth/login/route.ts": {"path":"/Users/seanalsup/Developer/orchaestaror/src/app/api/auth/login/route.ts","statementMap":{"0":{"start":{"line":6,"column":2},"end":{"line":26,"column":null}},"1":{"start":{"line":7,"column":32},"end":{"line":7,"column":52}},"2":{"start":{"line":9,"column":21},"end":{"line":9,"column":41}},"3":{"start":{"line":10,"column":28},"end":{"line":13,"column":6}},"4":{"start":{"line":15,"column":4},"end":{"line":16,"column":null}},"5":{"start":{"line":16,"column":6},"end":{"line":16,"column":null}},"6":{"start":{"line":19,"column":4},"end":{"line":24,"column":null}},"7":{"start":{"line":26,"column":4},"end":{"line":26,"column":null}}},"fnMap":{"0":{"name":"POST","decl":{"start":{"line":5,"column":22},"end":{"line":5,"column":27}},"loc":{"start":{"line":5,"column":49},"end":{"line":26,"column":null}},"line":5}},"branchMap":{"0":{"loc":{"start":{"line":15,"column":4},"end":{"line":16,"column":null}},"type":"if","locations":[{"start":{"line":15,"column":4},"end":{"line":16,"column":null}},{"start":{},"end":{}}],"line":15}},"s":{"0":2,"1":2,"2":2,"3":2,"4":2,"5":1,"6":1,"7":0},"f":{"0":2},"b":{"0":[1,1]},"meta":{"lastBranch":1,"lastFunction":1,"lastStatement":8,"seen":{"f:5:22:5:27":0,"s:6:2:26:Infinity":0,"s:7:32:7:52":1,"s:9:21:9:41":2,"s:10:28:13:6":3,"b:15:4:16:Infinity:undefined:undefined:undefined:undefined":0,"s:15:4:16:Infinity":4,"s:16:6:16:Infinity":5,"s:19:4:24:Infinity":6,"s:26:4:26:Infinity":7}}}
,"/Users/seanalsup/Developer/orchaestaror/src/app/api/auth/me/route.ts": {"path":"/Users/seanalsup/Developer/orchaestaror/src/app/api/auth/me/route.ts","statementMap":{"0":{"start":{"line":6,"column":2},"end":{"line":36,"column":null}},"1":{"start":{"line":7,"column":21},"end":{"line":7,"column":41}},"2":{"start":{"line":10,"column":8},"end":{"line":10,"column":37}},"3":{"start":{"line":12,"column":4},"end":{"line":13,"column":null}},"4":{"start":{"line":13,"column":6},"end":{"line":13,"column":null}},"5":{"start":{"line":17,"column":30},"end":{"line":21,"column":15}},"6":{"start":{"line":23,"column":4},"end":{"line":34,"column":null}},"7":{"start":{"line":36,"column":4},"end":{"line":36,"column":null}}},"fnMap":{"0":{"name":"GET","decl":{"start":{"line":5,"column":22},"end":{"line":5,"column":26}},"loc":{"start":{"line":5,"column":48},"end":{"line":36,"column":null}},"line":5}},"branchMap":{"0":{"loc":{"start":{"line":12,"column":4},"end":{"line":13,"column":null}},"type":"if","locations":[{"start":{"line":12,"column":4},"end":{"line":13,"column":null}},{"start":{},"end":{}}],"line":12},"1":{"loc":{"start":{"line":25,"column":15},"end":{"line":32,"column":null}},"type":"binary-expr","locations":[{"start":{"line":25,"column":15},"end":{"line":25,"column":26}},{"start":{"line":25,"column":26},"end":{"line":32,"column":null}}],"line":25},"2":{"loc":{"start":{"line":27,"column":15},"end":{"line":27,"column":null}},"type":"binary-expr","locations":[{"start":{"line":27,"column":15},"end":{"line":27,"column":29}},{"start":{"line":27,"column":29},"end":{"line":27,"column":null}}],"line":27},"3":{"loc":{"start":{"line":29,"column":10},"end":{"line":31,"column":null}},"type":"binary-expr","locations":[{"start":{"line":29,"column":10},"end":{"line":29,"column":null}},{"start":{"line":30,"column":10},"end":{"line":30,"column":null}},{"start":{"line":31,"column":10},"end":{"line":31,"column":null}}],"line":29}},"s":{"0":3,"1":3,"2":3,"3":3,"4":1,"5":2,"6":2,"7":0},"f":{"0":3},"b":{"0":[1,2],"1":[2,1],"2":[1,0],"3":[1,0,0]},"meta":{"lastBranch":4,"lastFunction":1,"lastStatement":8,"seen":{"f:5:22:5:26":0,"s:6:2:36:Infinity":0,"s:7:21:7:41":1,"s:10:8:10:37":2,"b:12:4:13:Infinity:undefined:undefined:undefined:undefined":0,"s:12:4:13:Infinity":3,"s:13:6:13:Infinity":4,"s:17:30:21:15":5,"s:23:4:34:Infinity":6,"b:25:15:25:26:25:26:32:Infinity":1,"b:27:15:27:29:27:29:27:Infinity":2,"b:29:10:29:Infinity:30:10:30:Infinity:31:10:31:Infinity":3,"s:36:4:36:Infinity":7}}}
,"/Users/seanalsup/Developer/orchaestaror/src/app/api/auth/signout/route.ts": {"path":"/Users/seanalsup/Developer/orchaestaror/src/app/api/auth/signout/route.ts","statementMap":{"0":{"start":{"line":5,"column":19},"end":{"line":5,"column":39}},"1":{"start":{"line":6,"column":2},"end":{"line":6,"column":null}},"2":{"start":{"line":7,"column":2},"end":{"line":7,"column":null}}},"fnMap":{"0":{"name":"POST","decl":{"start":{"line":4,"column":22},"end":{"line":4,"column":29}},"loc":{"start":{"line":4,"column":29},"end":{"line":7,"column":null}},"line":4}},"branchMap":{},"s":{"0":1,"1":1,"2":1},"f":{"0":1},"b":{},"meta":{"lastBranch":0,"lastFunction":1,"lastStatement":3,"seen":{"f:4:22:4:29":0,"s:5:19:5:39":0,"s:6:2:6:Infinity":1,"s:7:2:7:Infinity":2}}}
,"/Users/seanalsup/Developer/orchaestaror/src/app/api/auth/signup/route.ts": {"path":"/Users/seanalsup/Developer/orchaestaror/src/app/api/auth/signup/route.ts","statementMap":{"0":{"start":{"line":6,"column":2},"end":{"line":29,"column":null}},"1":{"start":{"line":7,"column":45},"end":{"line":7,"column":65}},"2":{"start":{"line":9,"column":21},"end":{"line":9,"column":41}},"3":{"start":{"line":10,"column":28},"end":{"line":16,"column":6}},"4":{"start":{"line":18,"column":4},"end":{"line":19,"column":null}},"5":{"start":{"line":19,"column":6},"end":{"line":19,"column":null}},"6":{"start":{"line":22,"column":4},"end":{"line":27,"column":null}},"7":{"start":{"line":29,"column":4},"end":{"line":29,"column":null}}},"fnMap":{"0":{"name":"POST","decl":{"start":{"line":5,"column":22},"end":{"line":5,"column":27}},"loc":{"start":{"line":5,"column":49},"end":{"line":29,"column":null}},"line":5}},"branchMap":{"0":{"loc":{"start":{"line":18,"column":4},"end":{"line":19,"column":null}},"type":"if","locations":[{"start":{"line":18,"column":4},"end":{"line":19,"column":null}},{"start":{},"end":{}}],"line":18},"1":{"loc":{"start":{"line":23,"column":12},"end":{"line":25,"column":null}},"type":"cond-expr","locations":[{"start":{"line":24,"column":10},"end":{"line":24,"column":null}},{"start":{"line":25,"column":10},"end":{"line":25,"column":null}}],"line":23}},"s":{"0":2,"1":2,"2":2,"3":2,"4":2,"5":1,"6":1,"7":0},"f":{"0":2},"b":{"0":[1,1],"1":[1,0]},"meta":{"lastBranch":2,"lastFunction":1,"lastStatement":8,"seen":{"f:5:22:5:27":0,"s:6:2:29:Infinity":0,"s:7:45:7:65":1,"s:9:21:9:41":2,"s:10:28:16:6":3,"b:18:4:19:Infinity:undefined:undefined:undefined:undefined":0,"s:18:4:19:Infinity":4,"s:19:6:19:Infinity":5,"s:22:4:27:Infinity":6,"b:24:10:24:Infinity:25:10:25:Infinity":1,"s:29:4:29:Infinity":7}}}
,"/Users/seanalsup/Developer/orchaestaror/src/app/api/config/route.ts": {"path":"/Users/seanalsup/Developer/orchaestaror/src/app/api/config/route.ts","statementMap":{"0":{"start":{"line":7,"column":2},"end":{"line":26,"column":null}},"1":{"start":{"line":8,"column":4},"end":{"line":8,"column":null}},"2":{"start":{"line":10,"column":28},"end":{"line":13,"column":19}},"3":{"start":{"line":15,"column":4},"end":{"line":16,"column":null}},"4":{"start":{"line":16,"column":6},"end":{"line":16,"column":null}},"5":{"start":{"line":19,"column":44},"end":{"line":19,"column":46}},"6":{"start":{"line":20,"column":4},"end":{"line":21,"column":null}},"7":{"start":{"line":21,"column":6},"end":{"line":21,"column":null}},"8":{"start":{"line":24,"column":4},"end":{"line":24,"column":null}},"9":{"start":{"line":26,"column":4},"end":{"line":26,"column":null}}},"fnMap":{"0":{"name":"GET","decl":{"start":{"line":6,"column":22},"end":{"line":6,"column":26}},"loc":{"start":{"line":6,"column":48},"end":{"line":26,"column":null}},"line":6}},"branchMap":{"0":{"loc":{"start":{"line":15,"column":4},"end":{"line":16,"column":null}},"type":"if","locations":[{"start":{"line":15,"column":4},"end":{"line":16,"column":null}},{"start":{},"end":{}}],"line":15},"1":{"loc":{"start":{"line":20,"column":22},"end":{"line":20,"column":32}},"type":"binary-expr","locations":[{"start":{"line":20,"column":22},"end":{"line":20,"column":30}},{"start":{"line":20,"column":30},"end":{"line":20,"column":32}}],"line":20}},"s":{"0":2,"1":2,"2":2,"3":2,"4":1,"5":1,"6":1,"7":2,"8":1,"9":1},"f":{"0":2},"b":{"0":[1,1],"1":[1,0]},"meta":{"lastBranch":2,"lastFunction":1,"lastStatement":10,"seen":{"f:6:22:6:26":0,"s:7:2:26:Infinity":0,"s:8:4:8:Infinity":1,"s:10:28:13:19":2,"b:15:4:16:Infinity:undefined:undefined:undefined:undefined":0,"s:15:4:16:Infinity":3,"s:16:6:16:Infinity":4,"s:19:44:19:46":5,"s:20:4:21:Infinity":6,"b:20:22:20:30:20:30:20:32":1,"s:21:6:21:Infinity":7,"s:24:4:24:Infinity":8,"s:26:4:26:Infinity":9}}}
,"/Users/seanalsup/Developer/orchaestaror/src/app/api/config/[key]/route.ts": {"path":"/Users/seanalsup/Developer/orchaestaror/src/app/api/config/[key]/route.ts","statementMap":{"0":{"start":{"line":11,"column":2},"end":{"line":30,"column":null}},"1":{"start":{"line":12,"column":17},"end":{"line":12,"column":43}},"2":{"start":{"line":13,"column":20},"end":{"line":13,"column":null}},"3":{"start":{"line":15,"column":17},"end":{"line":15,"column":37}},"4":{"start":{"line":16,"column":12},"end":{"line":16,"column":55}},"5":{"start":{"line":18,"column":28},"end":{"line":22,"column":15}},"6":{"start":{"line":24,"column":4},"end":{"line":25,"column":null}},"7":{"start":{"line":25,"column":6},"end":{"line":25,"column":null}},"8":{"start":{"line":28,"column":4},"end":{"line":28,"column":null}},"9":{"start":{"line":30,"column":4},"end":{"line":30,"column":null}}},"fnMap":{"0":{"name":"PATCH","decl":{"start":{"line":7,"column":22},"end":{"line":7,"column":null}},"loc":{"start":{"line":10,"column":2},"end":{"line":30,"column":null}},"line":10}},"branchMap":{"0":{"loc":{"start":{"line":24,"column":4},"end":{"line":25,"column":null}},"type":"if","locations":[{"start":{"line":24,"column":4},"end":{"line":25,"column":null}},{"start":{},"end":{}}],"line":24},"1":{"loc":{"start":{"line":24,"column":8},"end":{"line":24,"column":24}},"type":"binary-expr","locations":[{"start":{"line":24,"column":8},"end":{"line":24,"column":17}},{"start":{"line":24,"column":17},"end":{"line":24,"column":24}}],"line":24}},"s":{"0":3,"1":3,"2":3,"3":3,"4":3,"5":3,"6":2,"7":1,"8":1,"9":2},"f":{"0":3},"b":{"0":[1,1],"1":[2,2]},"meta":{"lastBranch":2,"lastFunction":1,"lastStatement":10,"seen":{"f:7:22:7:Infinity":0,"s:11:2:30:Infinity":0,"s:12:17:12:43":1,"s:13:20:13:Infinity":2,"s:15:17:15:37":3,"s:16:12:16:55":4,"s:18:28:22:15":5,"b:24:4:25:Infinity:undefined:undefined:undefined:undefined":0,"s:24:4:25:Infinity":6,"b:24:8:24:17:24:17:24:24":1,"s:25:6:25:Infinity":7,"s:28:4:28:Infinity":8,"s:30:4:30:Infinity":9}}}
,"/Users/seanalsup/Developer/orchaestaror/src/app/api/dashboard/stats/route.ts": {"path":"/Users/seanalsup/Developer/orchaestaror/src/app/api/dashboard/stats/route.ts","statementMap":{"0":{"start":{"line":7,"column":2},"end":{"line":62,"column":null}},"1":{"start":{"line":8,"column":4},"end":{"line":8,"column":null}},"2":{"start":{"line":10,"column":55},"end":{"line":25,"column":6}},"3":{"start":{"line":27,"column":36},"end":{"line":27,"column":84}},"4":{"start":{"line":28,"column":42},"end":{"line":29,"column":null}},"5":{"start":{"line":32,"column":22},"end":{"line":32,"column":78}},"6":{"start":{"line":34,"column":45},"end":{"line":43,"column":6}},"7":{"start":{"line":45,"column":4},"end":{"line":60,"column":null}},"8":{"start":{"line":62,"column":4},"end":{"line":62,"column":null}}},"fnMap":{"0":{"name":"GET","decl":{"start":{"line":6,"column":22},"end":{"line":6,"column":26}},"loc":{"start":{"line":6,"column":48},"end":{"line":62,"column":null}},"line":6}},"branchMap":{"0":{"loc":{"start":{"line":47,"column":21},"end":{"line":47,"column":null}},"type":"binary-expr","locations":[{"start":{"line":47,"column":21},"end":{"line":47,"column":42}},{"start":{"line":47,"column":42},"end":{"line":47,"column":null}}],"line":47},"1":{"loc":{"start":{"line":48,"column":15},"end":{"line":48,"column":null}},"type":"binary-expr","locations":[{"start":{"line":48,"column":15},"end":{"line":48,"column":30}},{"start":{"line":48,"column":30},"end":{"line":48,"column":null}}],"line":48},"2":{"loc":{"start":{"line":49,"column":27},"end":{"line":49,"column":null}},"type":"binary-expr","locations":[{"start":{"line":49,"column":27},"end":{"line":49,"column":47}},{"start":{"line":49,"column":47},"end":{"line":49,"column":null}}],"line":49},"3":{"loc":{"start":{"line":50,"column":29},"end":{"line":50,"column":null}},"type":"binary-expr","locations":[{"start":{"line":50,"column":29},"end":{"line":50,"column":47}},{"start":{"line":50,"column":47},"end":{"line":50,"column":null}}],"line":50},"4":{"loc":{"start":{"line":53,"column":30},"end":{"line":53,"column":null}},"type":"binary-expr","locations":[{"start":{"line":53,"column":30},"end":{"line":53,"column":57}},{"start":{"line":53,"column":57},"end":{"line":53,"column":null}}],"line":53},"5":{"loc":{"start":{"line":54,"column":22},"end":{"line":54,"column":null}},"type":"binary-expr","locations":[{"start":{"line":54,"column":22},"end":{"line":54,"column":43}},{"start":{"line":54,"column":43},"end":{"line":54,"column":null}}],"line":54},"6":{"loc":{"start":{"line":57,"column":23},"end":{"line":57,"column":42}},"type":"binary-expr","locations":[{"start":{"line":57,"column":23},"end":{"line":57,"column":40}},{"start":{"line":57,"column":40},"end":{"line":57,"column":42}}],"line":57},"7":{"loc":{"start":{"line":58,"column":29},"end":{"line":58,"column":null}},"type":"binary-expr","locations":[{"start":{"line":58,"column":29},"end":{"line":58,"column":52}},{"start":{"line":58,"column":52},"end":{"line":58,"column":null}}],"line":58}},"s":{"0":1,"1":1,"2":1,"3":1,"4":1,"5":1,"6":1,"7":1,"8":0},"f":{"0":1},"b":{"0":[1,0],"1":[1,0],"2":[1,0],"3":[1,0],"4":[1,0],"5":[1,0],"6":[1,0],"7":[1,0]},"meta":{"lastBranch":8,"lastFunction":1,"lastStatement":9,"seen":{"f:6:22:6:26":0,"s:7:2:62:Infinity":0,"s:8:4:8:Infinity":1,"s:10:55:25:6":2,"s:27:36:27:84":3,"s:28:42:29:Infinity":4,"s:32:22:32:78":5,"s:34:45:43:6":6,"s:45:4:60:Infinity":7,"b:47:21:47:42:47:42:47:Infinity":0,"b:48:15:48:30:48:30:48:Infinity":1,"b:49:27:49:47:49:47:49:Infinity":2,"b:50:29:50:47:50:47:50:Infinity":3,"b:53:30:53:57:53:57:53:Infinity":4,"b:54:22:54:43:54:43:54:Infinity":5,"b:57:23:57:40:57:40:57:42":6,"b:58:29:58:52:58:52:58:Infinity":7,"s:62:4:62:Infinity":8}}}
,"/Users/seanalsup/Developer/orchaestaror/src/app/api/interviews/[taskId]/ai-interview/route.ts": {"path":"/Users/seanalsup/Developer/orchaestaror/src/app/api/interviews/[taskId]/ai-interview/route.ts","statementMap":{"0":{"start":{"line":14,"column":12},"end":{"line":14,"column":51}},"1":{"start":{"line":20,"column":21},"end":{"line":20,"column":null}},"2":{"start":{"line":22,"column":2},"end":{"line":59,"column":null}},"3":{"start":{"line":23,"column":4},"end":{"line":23,"column":null}},"4":{"start":{"line":24,"column":4},"end":{"line":27,"column":null}},"5":{"start":{"line":29,"column":10},"end":{"line":29,"column":65}},"6":{"start":{"line":31,"column":4},"end":{"line":33,"column":null}},"7":{"start":{"line":32,"column":26},"end":{"line":32,"column":56}},"8":{"start":{"line":33,"column":6},"end":{"line":33,"column":null}},"9":{"start":{"line":36,"column":27},"end":{"line":38,"column":null}},"10":{"start":{"line":41,"column":36},"end":{"line":43,"column":null}},"11":{"start":{"line":46,"column":4},"end":{"line":53,"column":null}},"12":{"start":{"line":47,"column":26},"end":{"line":49,"column":null}},"13":{"start":{"line":51,"column":6},"end":{"line":51,"column":null}},"14":{"start":{"line":52,"column":6},"end":{"line":53,"column":null}},"15":{"start":{"line":53,"column":8},"end":{"line":53,"column":null}},"16":{"start":{"line":57,"column":4},"end":{"line":57,"column":null}},"17":{"start":{"line":59,"column":4},"end":{"line":59,"column":null}}},"fnMap":{"0":{"name":"POST","decl":{"start":{"line":16,"column":22},"end":{"line":16,"column":null}},"loc":{"start":{"line":19,"column":2},"end":{"line":59,"column":null}},"line":19}},"branchMap":{"0":{"loc":{"start":{"line":31,"column":4},"end":{"line":33,"column":null}},"type":"if","locations":[{"start":{"line":31,"column":4},"end":{"line":33,"column":null}},{"start":{},"end":{}}],"line":31},"1":{"loc":{"start":{"line":46,"column":4},"end":{"line":53,"column":null}},"type":"if","locations":[{"start":{"line":46,"column":4},"end":{"line":53,"column":null}},{"start":{},"end":{}}],"line":46},"2":{"loc":{"start":{"line":52,"column":6},"end":{"line":53,"column":null}},"type":"if","locations":[{"start":{"line":52,"column":6},"end":{"line":53,"column":null}},{"start":{},"end":{}}],"line":52}},"s":{"0":1,"1":5,"2":5,"3":5,"4":5,"5":5,"6":5,"7":1,"8":1,"9":2,"10":2,"11":2,"12":1,"13":1,"14":1,"15":1,"16":2,"17":2},"f":{"0":5},"b":{"0":[1,4],"1":[1,1],"2":[1,0]},"meta":{"lastBranch":3,"lastFunction":1,"lastStatement":18,"seen":{"s:14:12:14:51":0,"f:16:22:16:Infinity":0,"s:20:21:20:Infinity":1,"s:22:2:59:Infinity":2,"s:23:4:23:Infinity":3,"s:24:4:27:Infinity":4,"s:29:10:29:65":5,"b:31:4:33:Infinity:undefined:undefined:undefined:undefined":0,"s:31:4:33:Infinity":6,"s:32:26:32:56":7,"s:33:6:33:Infinity":8,"s:36:27:38:Infinity":9,"s:41:36:43:Infinity":10,"b:46:4:53:Infinity:undefined:undefined:undefined:undefined":1,"s:46:4:53:Infinity":11,"s:47:26:49:Infinity":12,"s:51:6:51:Infinity":13,"b:52:6:53:Infinity:undefined:undefined:undefined:undefined":2,"s:52:6:53:Infinity":14,"s:53:8:53:Infinity":15,"s:57:4:57:Infinity":16,"s:59:4:59:Infinity":17}}}
,"/Users/seanalsup/Developer/orchaestaror/src/app/api/interviews/[taskId]/claim/route.ts": {"path":"/Users/seanalsup/Developer/orchaestaror/src/app/api/interviews/[taskId]/claim/route.ts","statementMap":{"0":{"start":{"line":10,"column":21},"end":{"line":10,"column":null}},"1":{"start":{"line":12,"column":2},"end":{"line":17,"column":null}},"2":{"start":{"line":13,"column":17},"end":{"line":13,"column":43}},"3":{"start":{"line":14,"column":17},"end":{"line":14,"column":54}},"4":{"start":{"line":15,"column":4},"end":{"line":15,"column":null}},"5":{"start":{"line":17,"column":4},"end":{"line":17,"column":null}}},"fnMap":{"0":{"name":"POST","decl":{"start":{"line":6,"column":22},"end":{"line":6,"column":null}},"loc":{"start":{"line":9,"column":2},"end":{"line":17,"column":null}},"line":9}},"branchMap":{},"s":{"0":3,"1":3,"2":3,"3":3,"4":1,"5":2},"f":{"0":3},"b":{},"meta":{"lastBranch":0,"lastFunction":1,"lastStatement":6,"seen":{"f:6:22:6:Infinity":0,"s:10:21:10:Infinity":0,"s:12:2:17:Infinity":1,"s:13:17:13:43":2,"s:14:17:14:54":3,"s:15:4:15:Infinity":4,"s:17:4:17:Infinity":5}}}
,"/Users/seanalsup/Developer/orchaestaror/src/app/api/interviews/[taskId]/complete/route.ts": {"path":"/Users/seanalsup/Developer/orchaestaror/src/app/api/interviews/[taskId]/complete/route.ts","statementMap":{"0":{"start":{"line":14,"column":21},"end":{"line":14,"column":null}},"1":{"start":{"line":16,"column":2},"end":{"line":41,"column":null}},"2":{"start":{"line":17,"column":17},"end":{"line":17,"column":43}},"3":{"start":{"line":18,"column":54},"end":{"line":20,"column":null}},"4":{"start":{"line":23,"column":17},"end":{"line":28,"column":6}},"5":{"start":{"line":30,"column":4},"end":{"line":30,"column":null}},"6":{"start":{"line":33,"column":4},"end":{"line":37,"column":null}},"7":{"start":{"line":39,"column":4},"end":{"line":39,"column":null}},"8":{"start":{"line":41,"column":4},"end":{"line":41,"column":null}}},"fnMap":{"0":{"name":"POST","decl":{"start":{"line":10,"column":22},"end":{"line":10,"column":null}},"loc":{"start":{"line":13,"column":2},"end":{"line":41,"column":null}},"line":13}},"branchMap":{},"s":{"0":2,"1":2,"2":2,"3":2,"4":1,"5":1,"6":1,"7":1,"8":1},"f":{"0":2},"b":{},"meta":{"lastBranch":0,"lastFunction":1,"lastStatement":9,"seen":{"f:10:22:10:Infinity":0,"s:14:21:14:Infinity":0,"s:16:2:41:Infinity":1,"s:17:17:17:43":2,"s:18:54:20:Infinity":3,"s:23:17:28:6":4,"s:30:4:30:Infinity":5,"s:33:4:37:Infinity":6,"s:39:4:39:Infinity":7,"s:41:4:41:Infinity":8}}}
,"/Users/seanalsup/Developer/orchaestaror/src/app/api/interviews/[taskId]/dismiss/route.ts": {"path":"/Users/seanalsup/Developer/orchaestaror/src/app/api/interviews/[taskId]/dismiss/route.ts","statementMap":{"0":{"start":{"line":12,"column":21},"end":{"line":12,"column":null}},"1":{"start":{"line":14,"column":2},"end":{"line":21,"column":null}},"2":{"start":{"line":15,"column":17},"end":{"line":15,"column":43}},"3":{"start":{"line":16,"column":23},"end":{"line":16,"column":82}},"4":{"start":{"line":18,"column":4},"end":{"line":18,"column":null}},"5":{"start":{"line":19,"column":4},"end":{"line":19,"column":null}},"6":{"start":{"line":21,"column":4},"end":{"line":21,"column":null}}},"fnMap":{"0":{"name":"POST","decl":{"start":{"line":8,"column":22},"end":{"line":8,"column":null}},"loc":{"start":{"line":11,"column":2},"end":{"line":21,"column":null}},"line":11}},"branchMap":{},"s":{"0":2,"1":2,"2":2,"3":2,"4":2,"5":2,"6":0},"f":{"0":2},"b":{},"meta":{"lastBranch":0,"lastFunction":1,"lastStatement":7,"seen":{"f:8:22:8:Infinity":0,"s:12:21:12:Infinity":0,"s:14:2:21:Infinity":1,"s:15:17:15:43":2,"s:16:23:16:82":3,"s:18:4:18:Infinity":4,"s:19:4:19:Infinity":5,"s:21:4:21:Infinity":6}}}
,"/Users/seanalsup/Developer/orchaestaror/src/app/api/interviews/[taskId]/release/route.ts": {"path":"/Users/seanalsup/Developer/orchaestaror/src/app/api/interviews/[taskId]/release/route.ts","statementMap":{"0":{"start":{"line":10,"column":21},"end":{"line":10,"column":null}},"1":{"start":{"line":12,"column":2},"end":{"line":17,"column":null}},"2":{"start":{"line":13,"column":17},"end":{"line":13,"column":43}},"3":{"start":{"line":14,"column":4},"end":{"line":14,"column":null}},"4":{"start":{"line":15,"column":4},"end":{"line":15,"column":null}},"5":{"start":{"line":17,"column":4},"end":{"line":17,"column":null}}},"fnMap":{"0":{"name":"POST","decl":{"start":{"line":6,"column":22},"end":{"line":6,"column":null}},"loc":{"start":{"line":9,"column":2},"end":{"line":17,"column":null}},"line":9}},"branchMap":{},"s":{"0":2,"1":2,"2":2,"3":2,"4":1,"5":1},"f":{"0":2},"b":{},"meta":{"lastBranch":0,"lastFunction":1,"lastStatement":6,"seen":{"f:6:22:6:Infinity":0,"s:10:21:10:Infinity":0,"s:12:2:17:Infinity":1,"s:13:17:13:43":2,"s:14:4:14:Infinity":3,"s:15:4:15:Infinity":4,"s:17:4:17:Infinity":5}}}
,"/Users/seanalsup/Developer/orchaestaror/src/app/api/interviews/[taskId]/save/route.ts": {"path":"/Users/seanalsup/Developer/orchaestaror/src/app/api/interviews/[taskId]/save/route.ts","statementMap":{"0":{"start":{"line":12,"column":21},"end":{"line":12,"column":null}},"1":{"start":{"line":14,"column":2},"end":{"line":21,"column":null}},"2":{"start":{"line":15,"column":17},"end":{"line":15,"column":43}},"3":{"start":{"line":16,"column":26},"end":{"line":16,"column":82}},"4":{"start":{"line":18,"column":4},"end":{"line":18,"column":null}},"5":{"start":{"line":19,"column":4},"end":{"line":19,"column":null}},"6":{"start":{"line":21,"column":4},"end":{"line":21,"column":null}}},"fnMap":{"0":{"name":"POST","decl":{"start":{"line":8,"column":22},"end":{"line":8,"column":null}},"loc":{"start":{"line":11,"column":2},"end":{"line":21,"column":null}},"line":11}},"branchMap":{},"s":{"0":2,"1":2,"2":2,"3":2,"4":1,"5":1,"6":1},"f":{"0":2},"b":{},"meta":{"lastBranch":0,"lastFunction":1,"lastStatement":7,"seen":{"f:8:22:8:Infinity":0,"s:12:21:12:Infinity":0,"s:14:2:21:Infinity":1,"s:15:17:15:43":2,"s:16:26:16:82":3,"s:18:4:18:Infinity":4,"s:19:4:19:Infinity":5,"s:21:4:21:Infinity":6}}}
,"/Users/seanalsup/Developer/orchaestaror/src/app/api/interviews/[taskId]/voice-complete/route.ts": {"path":"/Users/seanalsup/Developer/orchaestaror/src/app/api/interviews/[taskId]/voice-complete/route.ts","statementMap":{"0":{"start":{"line":11,"column":12},"end":{"line":11,"column":53}},"1":{"start":{"line":17,"column":21},"end":{"line":17,"column":null}},"2":{"start":{"line":19,"column":2},"end":{"line":68,"column":null}},"3":{"start":{"line":20,"column":4},"end":{"line":20,"column":null}},"4":{"start":{"line":21,"column":17},"end":{"line":21,"column":43}},"5":{"start":{"line":23,"column":6},"end":{"line":23,"column":62}},"6":{"start":{"line":25,"column":46},"end":{"line":25,"column":48}},"7":{"start":{"line":26,"column":4},"end":{"line":30,"column":null}},"8":{"start":{"line":27,"column":6},"end":{"line":30,"column":null}},"9":{"start":{"line":27,"column":19},"end":{"line":27,"column":22}},"10":{"start":{"line":28,"column":25},"end":{"line":28,"column":null}},"11":{"start":{"line":29,"column":23},"end":{"line":29,"column":null}},"12":{"start":{"line":30,"column":8},"end":{"line":30,"column":null}},"13":{"start":{"line":34,"column":26},"end":{"line":34,"column":null}},"14":{"start":{"line":36,"column":4},"end":{"line":47,"column":null}},"15":{"start":{"line":37,"column":6},"end":{"line":44,"column":null}},"16":{"start":{"line":46,"column":6},"end":{"line":46,"column":null}},"17":{"start":{"line":47,"column":6},"end":{"line":47,"column":null}},"18":{"start":{"line":50,"column":4},"end":{"line":61,"column":null}},"19":{"start":{"line":63,"column":4},"end":{"line":63,"column":null}},"20":{"start":{"line":65,"column":4},"end":{"line":65,"column":null}},"21":{"start":{"line":66,"column":4},"end":{"line":66,"column":null}},"22":{"start":{"line":68,"column":4},"end":{"line":68,"column":null}}},"fnMap":{"0":{"name":"POST","decl":{"start":{"line":13,"column":22},"end":{"line":13,"column":null}},"loc":{"start":{"line":16,"column":2},"end":{"line":68,"column":null}},"line":16}},"branchMap":{"0":{"loc":{"start":{"line":26,"column":4},"end":{"line":30,"column":null}},"type":"if","locations":[{"start":{"line":26,"column":4},"end":{"line":30,"column":null}},{"start":{},"end":{}}],"line":26},"1":{"loc":{"start":{"line":28,"column":25},"end":{"line":28,"column":null}},"type":"binary-expr","locations":[{"start":{"line":28,"column":25},"end":{"line":28,"column":51}},{"start":{"line":28,"column":51},"end":{"line":28,"column":null}}],"line":28},"2":{"loc":{"start":{"line":29,"column":23},"end":{"line":29,"column":null}},"type":"binary-expr","locations":[{"start":{"line":29,"column":23},"end":{"line":29,"column":53}},{"start":{"line":29,"column":53},"end":{"line":29,"column":null}}],"line":29},"3":{"loc":{"start":{"line":34,"column":26},"end":{"line":34,"column":null}},"type":"binary-expr","locations":[{"start":{"line":34,"column":26},"end":{"line":34,"column":38}},{"start":{"line":34,"column":38},"end":{"line":34,"column":null}}],"line":34},"4":{"loc":{"start":{"line":36,"column":4},"end":{"line":47,"column":null}},"type":"if","locations":[{"start":{"line":36,"column":4},"end":{"line":47,"column":null}},{"start":{},"end":{}}],"line":36},"5":{"loc":{"start":{"line":56,"column":28},"end":{"line":56,"column":null}},"type":"cond-expr","locations":[{"start":{"line":56,"column":39},"end":{"line":56,"column":59}},{"start":{"line":56,"column":62},"end":{"line":56,"column":null}}],"line":56}},"s":{"0":1,"1":4,"2":4,"3":4,"4":4,"5":4,"6":2,"7":2,"8":0,"9":0,"10":0,"11":0,"12":0,"13":2,"14":4,"15":1,"16":1,"17":1,"18":1,"19":1,"20":1,"21":1,"22":2},"f":{"0":4},"b":{"0":[0,2],"1":[0,0],"2":[0,0],"3":[2,1],"4":[1,3],"5":[0,1]},"meta":{"lastBranch":6,"lastFunction":1,"lastStatement":23,"seen":{"s:11:12:11:53":0,"f:13:22:13:Infinity":0,"s:17:21:17:Infinity":1,"s:19:2:68:Infinity":2,"s:20:4:20:Infinity":3,"s:21:17:21:43":4,"s:23:6:23:62":5,"s:25:46:25:48":6,"b:26:4:30:Infinity:undefined:undefined:undefined:undefined":0,"s:26:4:30:Infinity":7,"s:27:6:30:Infinity":8,"s:27:19:27:22":9,"s:28:25:28:Infinity":10,"b:28:25:28:51:28:51:28:Infinity":1,"s:29:23:29:Infinity":11,"b:29:23:29:53:29:53:29:Infinity":2,"s:30:8:30:Infinity":12,"s:34:26:34:Infinity":13,"b:34:26:34:38:34:38:34:Infinity":3,"b:36:4:47:Infinity:undefined:undefined:undefined:undefined":4,"s:36:4:47:Infinity":14,"s:37:6:44:Infinity":15,"s:46:6:46:Infinity":16,"s:47:6:47:Infinity":17,"s:50:4:61:Infinity":18,"b:56:39:56:59:56:62:56:Infinity":5,"s:63:4:63:Infinity":19,"s:65:4:65:Infinity":20,"s:66:4:66:Infinity":21,"s:68:4:68:Infinity":22}}}
,"/Users/seanalsup/Developer/orchaestaror/src/app/api/notifications/route.ts": {"path":"/Users/seanalsup/Developer/orchaestaror/src/app/api/notifications/route.ts","statementMap":{"0":{"start":{"line":8,"column":2},"end":{"line":31,"column":null}},"1":{"start":{"line":9,"column":17},"end":{"line":9,"column":43}},"2":{"start":{"line":10,"column":16},"end":{"line":10,"column":36}},"3":{"start":{"line":11,"column":23},"end":{"line":11,"column":null}},"4":{"start":{"line":12,"column":18},"end":{"line":12,"column":80}},"5":{"start":{"line":14,"column":16},"end":{"line":19,"column":19}},"6":{"start":{"line":21,"column":4},"end":{"line":22,"column":null}},"7":{"start":{"line":22,"column":6},"end":{"line":22,"column":null}},"8":{"start":{"line":25,"column":28},"end":{"line":25,"column":null}},"9":{"start":{"line":27,"column":4},"end":{"line":27,"column":null}},"10":{"start":{"line":27,"column":15},"end":{"line":27,"column":null}},"11":{"start":{"line":29,"column":4},"end":{"line":29,"column":null}},"12":{"start":{"line":31,"column":4},"end":{"line":31,"column":null}},"13":{"start":{"line":37,"column":2},"end":{"line":59,"column":null}},"14":{"start":{"line":38,"column":17},"end":{"line":38,"column":43}},"15":{"start":{"line":39,"column":25},"end":{"line":39,"column":45}},"16":{"start":{"line":41,"column":4},"end":{"line":54,"column":null}},"17":{"start":{"line":43,"column":6},"end":{"line":47,"column":null}},"18":{"start":{"line":48,"column":15},"end":{"line":54,"column":null}},"19":{"start":{"line":50,"column":6},"end":{"line":54,"column":null}},"20":{"start":{"line":57,"column":4},"end":{"line":57,"column":null}},"21":{"start":{"line":59,"column":4},"end":{"line":59,"column":null}}},"fnMap":{"0":{"name":"GET","decl":{"start":{"line":7,"column":22},"end":{"line":7,"column":26}},"loc":{"start":{"line":7,"column":48},"end":{"line":31,"column":null}},"line":7},"1":{"name":"PATCH","decl":{"start":{"line":36,"column":22},"end":{"line":36,"column":28}},"loc":{"start":{"line":36,"column":50},"end":{"line":59,"column":null}},"line":36}},"branchMap":{"0":{"loc":{"start":{"line":12,"column":36},"end":{"line":12,"column":74}},"type":"binary-expr","locations":[{"start":{"line":12,"column":36},"end":{"line":12,"column":65}},{"start":{"line":12,"column":69},"end":{"line":12,"column":74}}],"line":12},"1":{"loc":{"start":{"line":21,"column":4},"end":{"line":22,"column":null}},"type":"if","locations":[{"start":{"line":21,"column":4},"end":{"line":22,"column":null}},{"start":{},"end":{}}],"line":21},"2":{"loc":{"start":{"line":27,"column":4},"end":{"line":27,"column":null}},"type":"if","locations":[{"start":{"line":27,"column":4},"end":{"line":27,"column":null}},{"start":{},"end":{}}],"line":27},"3":{"loc":{"start":{"line":29,"column":46},"end":{"line":29,"column":56}},"type":"binary-expr","locations":[{"start":{"line":29,"column":46},"end":{"line":29,"column":54}},{"start":{"line":29,"column":54},"end":{"line":29,"column":56}}],"line":29},"4":{"loc":{"start":{"line":41,"column":4},"end":{"line":54,"column":null}},"type":"if","locations":[{"start":{"line":41,"column":4},"end":{"line":54,"column":null}},{"start":{"line":48,"column":15},"end":{"line":54,"column":null}}],"line":41},"5":{"loc":{"start":{"line":48,"column":15},"end":{"line":54,"column":null}},"type":"if","locations":[{"start":{"line":48,"column":15},"end":{"line":54,"column":null}},{"start":{},"end":{}}],"line":48},"6":{"loc":{"start":{"line":48,"column":15},"end":{"line":48,"column":53}},"type":"binary-expr","locations":[{"start":{"line":48,"column":15},"end":{"line":48,"column":33}},{"start":{"line":48,"column":37},"end":{"line":48,"column":53}}],"line":48}},"s":{"0":2,"1":2,"2":2,"3":2,"4":2,"5":2,"6":2,"7":1,"8":2,"9":2,"10":0,"11":2,"12":0,"13":2,"14":2,"15":2,"16":2,"17":1,"18":1,"19":1,"20":2,"21":0},"f":{"0":2,"1":2},"b":{"0":[2,2],"1":[1,1],"2":[0,2],"3":[2,0],"4":[1,1],"5":[1,0],"6":[1,1]},"meta":{"lastBranch":7,"lastFunction":2,"lastStatement":22,"seen":{"f:7:22:7:26":0,"s:8:2:31:Infinity":0,"s:9:17:9:43":1,"s:10:16:10:36":2,"s:11:23:11:Infinity":3,"s:12:18:12:80":4,"b:12:36:12:65:12:69:12:74":0,"s:14:16:19:19":5,"b:21:4:22:Infinity:undefined:undefined:undefined:undefined":1,"s:21:4:22:Infinity":6,"s:22:6:22:Infinity":7,"s:25:28:25:Infinity":8,"b:27:4:27:Infinity:undefined:undefined:undefined:undefined":2,"s:27:4:27:Infinity":9,"s:27:15:27:Infinity":10,"s:29:4:29:Infinity":11,"b:29:46:29:54:29:54:29:56":3,"s:31:4:31:Infinity":12,"f:36:22:36:28":1,"s:37:2:59:Infinity":13,"s:38:17:38:43":14,"s:39:25:39:45":15,"b:41:4:54:Infinity:48:15:54:Infinity":4,"s:41:4:54:Infinity":16,"s:43:6:47:Infinity":17,"b:48:15:54:Infinity:undefined:undefined:undefined:undefined":5,"s:48:15:54:Infinity":18,"b:48:15:48:33:48:37:48:53":6,"s:50:6:54:Infinity":19,"s:57:4:57:Infinity":20,"s:59:4:59:Infinity":21}}}
,"/Users/seanalsup/Developer/orchaestaror/src/app/api/realtime/[taskId]/route.ts": {"path":"/Users/seanalsup/Developer/orchaestaror/src/app/api/realtime/[taskId]/route.ts","statementMap":{"0":{"start":{"line":8,"column":12},"end":{"line":8,"column":55}},"1":{"start":{"line":10,"column":39},"end":{"line":10,"column":null}},"2":{"start":{"line":26,"column":32},"end":{"line":65,"column":null}},"3":{"start":{"line":71,"column":21},"end":{"line":71,"column":null}},"4":{"start":{"line":73,"column":2},"end":{"line":137,"column":null}},"5":{"start":{"line":74,"column":4},"end":{"line":74,"column":null}},"6":{"start":{"line":75,"column":4},"end":{"line":75,"column":null}},"7":{"start":{"line":77,"column":16},"end":{"line":77,"column":36}},"8":{"start":{"line":79,"column":4},"end":{"line":80,"column":null}},"9":{"start":{"line":80,"column":6},"end":{"line":80,"column":null}},"10":{"start":{"line":83,"column":19},"end":{"line":83,"column":null}},"11":{"start":{"line":84,"column":4},"end":{"line":86,"column":null}},"12":{"start":{"line":85,"column":6},"end":{"line":85,"column":null}},"13":{"start":{"line":86,"column":6},"end":{"line":86,"column":null}},"14":{"start":{"line":89,"column":33},"end":{"line":89,"column":69}},"15":{"start":{"line":90,"column":20},"end":{"line":90,"column":59}},"16":{"start":{"line":92,"column":26},"end":{"line":109,"column":6}},"17":{"start":{"line":111,"column":15},"end":{"line":111,"column":29}},"18":{"start":{"line":112,"column":4},"end":{"line":112,"column":null}},"19":{"start":{"line":113,"column":4},"end":{"line":113,"column":null}},"20":{"start":{"line":115,"column":21},"end":{"line":119,"column":6}},"21":{"start":{"line":121,"column":4},"end":{"line":127,"column":null}},"22":{"start":{"line":122,"column":24},"end":{"line":122,"column":45}},"23":{"start":{"line":123,"column":6},"end":{"line":126,"column":null}},"24":{"start":{"line":127,"column":6},"end":{"line":127,"column":null}},"25":{"start":{"line":130,"column":22},"end":{"line":130,"column":43}},"26":{"start":{"line":131,"column":4},"end":{"line":131,"column":null}},"27":{"start":{"line":133,"column":4},"end":{"line":135,"column":null}},"28":{"start":{"line":137,"column":4},"end":{"line":137,"column":null}},"29":{"start":{"line":142,"column":43},"end":{"line":146,"column":13}},"30":{"start":{"line":148,"column":2},"end":{"line":148,"column":null}},"31":{"start":{"line":148,"column":26},"end":{"line":148,"column":null}},"32":{"start":{"line":150,"column":47},"end":{"line":154,"column":13}},"33":{"start":{"line":156,"column":2},"end":{"line":157,"column":null}},"34":{"start":{"line":157,"column":4},"end":{"line":157,"column":null}},"35":{"start":{"line":159,"column":2},"end":{"line":159,"column":null}},"36":{"start":{"line":166,"column":26},"end":{"line":166,"column":65}},"37":{"start":{"line":167,"column":8},"end":{"line":171,"column":15}},"38":{"start":{"line":170,"column":16},"end":{"line":170,"column":23}},"39":{"start":{"line":172,"column":8},"end":{"line":176,"column":15}},"40":{"start":{"line":175,"column":16},"end":{"line":175,"column":32}},"41":{"start":{"line":178,"column":8},"end":{"line":182,"column":15}},"42":{"start":{"line":181,"column":16},"end":{"line":181,"column":23}},"43":{"start":{"line":184,"column":2},"end":{"line":198,"column":null}},"44":{"start":{"line":192,"column":31},"end":{"line":192,"column":48}}},"fnMap":{"0":{"name":"POST","decl":{"start":{"line":67,"column":22},"end":{"line":67,"column":null}},"loc":{"start":{"line":70,"column":2},"end":{"line":137,"column":null}},"line":70},"1":{"name":"loadTaskWithTranscript","decl":{"start":{"line":141,"column":15},"end":{"line":141,"column":38}},"loc":{"start":{"line":141,"column":54},"end":{"line":159,"column":null}},"line":141},"2":{"name":"buildInterviewContext","decl":{"start":{"line":162,"column":9},"end":{"line":162,"column":null}},"loc":{"start":{"line":165,"column":10},"end":{"line":198,"column":null}},"line":165},"3":{"name":"(anonymous_3)","decl":{"start":{"line":170,"column":5},"end":{"line":170,"column":10}},"loc":{"start":{"line":170,"column":16},"end":{"line":170,"column":23}},"line":170},"4":{"name":"(anonymous_4)","decl":{"start":{"line":175,"column":5},"end":{"line":175,"column":10}},"loc":{"start":{"line":175,"column":16},"end":{"line":175,"column":32}},"line":175},"5":{"name":"(anonymous_5)","decl":{"start":{"line":181,"column":5},"end":{"line":181,"column":10}},"loc":{"start":{"line":181,"column":16},"end":{"line":181,"column":23}},"line":181},"6":{"name":"(anonymous_6)","decl":{"start":{"line":192,"column":17},"end":{"line":192,"column":22}},"loc":{"start":{"line":192,"column":31},"end":{"line":192,"column":48}},"line":192}},"branchMap":{"0":{"loc":{"start":{"line":79,"column":4},"end":{"line":80,"column":null}},"type":"if","locations":[{"start":{"line":79,"column":4},"end":{"line":80,"column":null}},{"start":{},"end":{}}],"line":79},"1":{"loc":{"start":{"line":79,"column":8},"end":{"line":79,"column":36}},"type":"binary-expr","locations":[{"start":{"line":79,"column":8},"end":{"line":79,"column":16}},{"start":{"line":79,"column":16},"end":{"line":79,"column":36}}],"line":79},"2":{"loc":{"start":{"line":84,"column":4},"end":{"line":86,"column":null}},"type":"if","locations":[{"start":{"line":84,"column":4},"end":{"line":86,"column":null}},{"start":{},"end":{}}],"line":84},"3":{"loc":{"start":{"line":121,"column":4},"end":{"line":127,"column":null}},"type":"if","locations":[{"start":{"line":121,"column":4},"end":{"line":127,"column":null}},{"start":{},"end":{}}],"line":121},"4":{"loc":{"start":{"line":148,"column":2},"end":{"line":148,"column":null}},"type":"if","locations":[{"start":{"line":148,"column":2},"end":{"line":148,"column":null}},{"start":{},"end":{}}],"line":148},"5":{"loc":{"start":{"line":148,"column":6},"end":{"line":148,"column":26}},"type":"binary-expr","locations":[{"start":{"line":148,"column":6},"end":{"line":148,"column":19}},{"start":{"line":148,"column":19},"end":{"line":148,"column":26}}],"line":148},"6":{"loc":{"start":{"line":156,"column":2},"end":{"line":157,"column":null}},"type":"if","locations":[{"start":{"line":156,"column":2},"end":{"line":157,"column":null}},{"start":{},"end":{}}],"line":156},"7":{"loc":{"start":{"line":156,"column":6},"end":{"line":156,"column":null}},"type":"binary-expr","locations":[{"start":{"line":156,"column":6},"end":{"line":156,"column":17}},{"start":{"line":156,"column":17},"end":{"line":156,"column":null}}],"line":156},"8":{"loc":{"start":{"line":166,"column":26},"end":{"line":166,"column":65}},"type":"binary-expr","locations":[{"start":{"line":166,"column":26},"end":{"line":166,"column":63}},{"start":{"line":166,"column":63},"end":{"line":166,"column":65}}],"line":166},"9":{"loc":{"start":{"line":168,"column":5},"end":{"line":168,"column":62}},"type":"binary-expr","locations":[{"start":{"line":168,"column":5},"end":{"line":168,"column":60}},{"start":{"line":168,"column":60},"end":{"line":168,"column":62}}],"line":168},"10":{"loc":{"start":{"line":173,"column":5},"end":{"line":173,"column":57}},"type":"binary-expr","locations":[{"start":{"line":173,"column":5},"end":{"line":173,"column":55}},{"start":{"line":173,"column":55},"end":{"line":173,"column":57}}],"line":173},"11":{"loc":{"start":{"line":179,"column":5},"end":{"line":179,"column":59}},"type":"binary-expr","locations":[{"start":{"line":179,"column":5},"end":{"line":179,"column":57}},{"start":{"line":179,"column":57},"end":{"line":179,"column":59}}],"line":179},"12":{"loc":{"start":{"line":188,"column":24},"end":{"line":188,"column":null}},"type":"binary-expr","locations":[{"start":{"line":188,"column":24},"end":{"line":188,"column":37}},{"start":{"line":188,"column":37},"end":{"line":188,"column":null}}],"line":188},"13":{"loc":{"start":{"line":192,"column":2},"end":{"line":192,"column":null}},"type":"binary-expr","locations":[{"start":{"line":192,"column":2},"end":{"line":192,"column":59}},{"start":{"line":192,"column":63},"end":{"line":192,"column":null}}],"line":192},"14":{"loc":{"start":{"line":195,"column":2},"end":{"line":195,"column":null}},"type":"binary-expr","locations":[{"start":{"line":195,"column":2},"end":{"line":195,"column":12}},{"start":{"line":195,"column":12},"end":{"line":195,"column":null}}],"line":195},"15":{"loc":{"start":{"line":198,"column":13},"end":{"line":198,"column":null}},"type":"binary-expr","locations":[{"start":{"line":198,"column":13},"end":{"line":198,"column":26}},{"start":{"line":198,"column":26},"end":{"line":198,"column":null}}],"line":198}},"s":{"0":1,"1":1,"2":1,"3":6,"4":6,"5":6,"6":6,"7":6,"8":6,"9":2,"10":4,"11":4,"12":1,"13":1,"14":3,"15":2,"16":2,"17":2,"18":2,"19":2,"20":2,"21":2,"22":1,"23":1,"24":1,"25":1,"26":1,"27":1,"28":1,"29":3,"30":3,"31":1,"32":2,"33":2,"34":0,"35":2,"36":2,"37":2,"38":2,"39":2,"40":2,"41":2,"42":2,"43":2,"44":2},"f":{"0":6,"1":3,"2":2,"3":2,"4":2,"5":2,"6":2},"b":{"0":[2,4],"1":[6,5],"2":[1,3],"3":[1,1],"4":[1,2],"5":[3,2],"6":[0,2],"7":[2,2],"8":[2,0],"9":[2,0],"10":[2,0],"11":[2,0],"12":[2,0],"13":[2,0],"14":[2,0],"15":[2,0]},"meta":{"lastBranch":16,"lastFunction":7,"lastStatement":45,"seen":{"s:8:12:8:55":0,"s:10:39:10:Infinity":1,"s:26:32:65:Infinity":2,"f:67:22:67:Infinity":0,"s:71:21:71:Infinity":3,"s:73:2:137:Infinity":4,"s:74:4:74:Infinity":5,"s:75:4:75:Infinity":6,"s:77:16:77:36":7,"b:79:4:80:Infinity:undefined:undefined:undefined:undefined":0,"s:79:4:80:Infinity":8,"b:79:8:79:16:79:16:79:36":1,"s:80:6:80:Infinity":9,"s:83:19:83:Infinity":10,"b:84:4:86:Infinity:undefined:undefined:undefined:undefined":2,"s:84:4:86:Infinity":11,"s:85:6:85:Infinity":12,"s:86:6:86:Infinity":13,"s:89:33:89:69":14,"s:90:20:90:59":15,"s:92:26:109:6":16,"s:111:15:111:29":17,"s:112:4:112:Infinity":18,"s:113:4:113:Infinity":19,"s:115:21:119:6":20,"b:121:4:127:Infinity:undefined:undefined:undefined:undefined":3,"s:121:4:127:Infinity":21,"s:122:24:122:45":22,"s:123:6:126:Infinity":23,"s:127:6:127:Infinity":24,"s:130:22:130:43":25,"s:131:4:131:Infinity":26,"s:133:4:135:Infinity":27,"s:137:4:137:Infinity":28,"f:141:15:141:38":1,"s:142:43:146:13":29,"b:148:2:148:Infinity:undefined:undefined:undefined:undefined":4,"s:148:2:148:Infinity":30,"b:148:6:148:19:148:19:148:26":5,"s:148:26:148:Infinity":31,"s:150:47:154:13":32,"b:156:2:157:Infinity:undefined:undefined:undefined:undefined":6,"s:156:2:157:Infinity":33,"b:156:6:156:17:156:17:156:Infinity":7,"s:157:4:157:Infinity":34,"s:159:2:159:Infinity":35,"f:162:9:162:Infinity":2,"s:166:26:166:65":36,"b:166:26:166:63:166:63:166:65":8,"s:167:8:171:15":37,"b:168:5:168:60:168:60:168:62":9,"f:170:5:170:10":3,"s:170:16:170:23":38,"s:172:8:176:15":39,"b:173:5:173:55:173:55:173:57":10,"f:175:5:175:10":4,"s:175:16:175:32":40,"s:178:8:182:15":41,"b:179:5:179:57:179:57:179:59":11,"f:181:5:181:10":5,"s:181:16:181:23":42,"s:184:2:198:Infinity":43,"b:188:24:188:37:188:37:188:Infinity":12,"b:192:2:192:59:192:63:192:Infinity":13,"f:192:17:192:22":6,"s:192:31:192:48":44,"b:195:2:195:12:195:12:195:Infinity":14,"b:198:13:198:26:198:26:198:Infinity":15}}}
,"/Users/seanalsup/Developer/orchaestaror/src/app/api/tasks/route.ts": {"path":"/Users/seanalsup/Developer/orchaestaror/src/app/api/tasks/route.ts","statementMap":{"0":{"start":{"line":8,"column":2},"end":{"line":31,"column":null}},"1":{"start":{"line":9,"column":4},"end":{"line":9,"column":null}},"2":{"start":{"line":11,"column":29},"end":{"line":11,"column":49}},"3":{"start":{"line":12,"column":12},"end":{"line":12,"column":50}},"4":{"start":{"line":13,"column":19},"end":{"line":13,"column":45}},"5":{"start":{"line":14,"column":25},"end":{"line":14,"column":57}},"6":{"start":{"line":16,"column":16},"end":{"line":20,"column":19}},"7":{"start":{"line":22,"column":4},"end":{"line":22,"column":null}},"8":{"start":{"line":22,"column":16},"end":{"line":22,"column":null}},"9":{"start":{"line":23,"column":4},"end":{"line":23,"column":null}},"10":{"start":{"line":23,"column":22},"end":{"line":23,"column":null}},"11":{"start":{"line":25,"column":28},"end":{"line":25,"column":null}},"12":{"start":{"line":27,"column":4},"end":{"line":27,"column":null}},"13":{"start":{"line":27,"column":15},"end":{"line":27,"column":null}},"14":{"start":{"line":29,"column":4},"end":{"line":29,"column":null}},"15":{"start":{"line":31,"column":4},"end":{"line":31,"column":null}}},"fnMap":{"0":{"name":"GET","decl":{"start":{"line":7,"column":22},"end":{"line":7,"column":26}},"loc":{"start":{"line":7,"column":48},"end":{"line":31,"column":null}},"line":7}},"branchMap":{"0":{"loc":{"start":{"line":22,"column":4},"end":{"line":22,"column":null}},"type":"if","locations":[{"start":{"line":22,"column":4},"end":{"line":22,"column":null}},{"start":{},"end":{}}],"line":22},"1":{"loc":{"start":{"line":23,"column":4},"end":{"line":23,"column":null}},"type":"if","locations":[{"start":{"line":23,"column":4},"end":{"line":23,"column":null}},{"start":{},"end":{}}],"line":23},"2":{"loc":{"start":{"line":27,"column":4},"end":{"line":27,"column":null}},"type":"if","locations":[{"start":{"line":27,"column":4},"end":{"line":27,"column":null}},{"start":{},"end":{}}],"line":27},"3":{"loc":{"start":{"line":29,"column":38},"end":{"line":29,"column":48}},"type":"binary-expr","locations":[{"start":{"line":29,"column":38},"end":{"line":29,"column":46}},{"start":{"line":29,"column":46},"end":{"line":29,"column":48}}],"line":29}},"s":{"0":2,"1":2,"2":2,"3":2,"4":2,"5":2,"6":2,"7":2,"8":0,"9":2,"10":0,"11":2,"12":2,"13":1,"14":1,"15":1},"f":{"0":2},"b":{"0":[0,2],"1":[0,2],"2":[1,1],"3":[1,0]},"meta":{"lastBranch":4,"lastFunction":1,"lastStatement":16,"seen":{"f:7:22:7:26":0,"s:8:2:31:Infinity":0,"s:9:4:9:Infinity":1,"s:11:29:11:49":2,"s:12:12:12:50":3,"s:13:19:13:45":4,"s:14:25:14:57":5,"s:16:16:20:19":6,"b:22:4:22:Infinity:undefined:undefined:undefined:undefined":0,"s:22:4:22:Infinity":7,"s:22:16:22:Infinity":8,"b:23:4:23:Infinity:undefined:undefined:undefined:undefined":1,"s:23:4:23:Infinity":9,"s:23:22:23:Infinity":10,"s:25:28:25:Infinity":11,"b:27:4:27:Infinity:undefined:undefined:undefined:undefined":2,"s:27:4:27:Infinity":12,"s:27:15:27:Infinity":13,"s:29:4:29:Infinity":14,"b:29:38:29:46:29:46:29:48":3,"s:31:4:31:Infinity":15}}}
,"/Users/seanalsup/Developer/orchaestaror/src/app/api/tasks/[id]/push-jira/route.ts": {"path":"/Users/seanalsup/Developer/orchaestaror/src/app/api/tasks/[id]/push-jira/route.ts","statementMap":{"0":{"start":{"line":11,"column":12},"end":{"line":11,"column":48}},"1":{"start":{"line":24,"column":17},"end":{"line":24,"column":null}},"2":{"start":{"line":26,"column":2},"end":{"line":93,"column":null}},"3":{"start":{"line":27,"column":4},"end":{"line":27,"column":null}},"4":{"start":{"line":29,"column":17},"end":{"line":29,"column":55}},"5":{"start":{"line":29,"column":51},"end":{"line":29,"column":53}},"6":{"start":{"line":30,"column":24},"end":{"line":30,"column":73}},"7":{"start":{"line":32,"column":34},"end":{"line":36,"column":15}},"8":{"start":{"line":38,"column":4},"end":{"line":39,"column":null}},"9":{"start":{"line":39,"column":6},"end":{"line":39,"column":null}},"10":{"start":{"line":42,"column":29},"end":{"line":42,"column":null}},"11":{"start":{"line":43,"column":4},"end":{"line":46,"column":null}},"12":{"start":{"line":44,"column":6},"end":{"line":46,"column":null}},"13":{"start":{"line":49,"column":4},"end":{"line":55,"column":null}},"14":{"start":{"line":50,"column":6},"end":{"line":55,"column":null}},"15":{"start":{"line":58,"column":4},"end":{"line":62,"column":null}},"16":{"start":{"line":59,"column":6},"end":{"line":62,"column":null}},"17":{"start":{"line":65,"column":4},"end":{"line":70,"column":null}},"18":{"start":{"line":66,"column":6},"end":{"line":69,"column":null}},"19":{"start":{"line":70,"column":6},"end":{"line":70,"column":null}},"20":{"start":{"line":73,"column":28},"end":{"line":73,"column":58}},"21":{"start":{"line":74,"column":19},"end":{"line":74,"column":77}},"22":{"start":{"line":76,"column":4},"end":{"line":76,"column":null}},"23":{"start":{"line":78,"column":4},"end":{"line":82,"column":null}},"24":{"start":{"line":84,"column":20},"end":{"line":84,"column":null}},"25":{"start":{"line":85,"column":4},"end":{"line":85,"column":null}},"26":{"start":{"line":87,"column":4},"end":{"line":91,"column":null}},"27":{"start":{"line":93,"column":4},"end":{"line":93,"column":null}}},"fnMap":{"0":{"name":"POST","decl":{"start":{"line":20,"column":22},"end":{"line":20,"column":null}},"loc":{"start":{"line":23,"column":2},"end":{"line":93,"column":null}},"line":23},"1":{"name":"(anonymous_1)","decl":{"start":{"line":29,"column":38},"end":{"line":29,"column":51}},"loc":{"start":{"line":29,"column":51},"end":{"line":29,"column":53}},"line":29},"2":{"name":"(anonymous_2)","decl":{"start":{"line":91,"column":7},"end":{"line":91,"column":18}},"loc":{"start":{"line":91,"column":18},"end":{"line":91,"column":21}},"line":91}},"branchMap":{"0":{"loc":{"start":{"line":38,"column":4},"end":{"line":39,"column":null}},"type":"if","locations":[{"start":{"line":38,"column":4},"end":{"line":39,"column":null}},{"start":{},"end":{}}],"line":38},"1":{"loc":{"start":{"line":38,"column":8},"end":{"line":38,"column":24}},"type":"binary-expr","locations":[{"start":{"line":38,"column":8},"end":{"line":38,"column":17}},{"start":{"line":38,"column":17},"end":{"line":38,"column":24}}],"line":38},"2":{"loc":{"start":{"line":43,"column":4},"end":{"line":46,"column":null}},"type":"if","locations":[{"start":{"line":43,"column":4},"end":{"line":46,"column":null}},{"start":{},"end":{}}],"line":43},"3":{"loc":{"start":{"line":49,"column":4},"end":{"line":55,"column":null}},"type":"if","locations":[{"start":{"line":49,"column":4},"end":{"line":55,"column":null}},{"start":{},"end":{}}],"line":49},"4":{"loc":{"start":{"line":58,"column":4},"end":{"line":62,"column":null}},"type":"if","locations":[{"start":{"line":58,"column":4},"end":{"line":62,"column":null}},{"start":{},"end":{}}],"line":58},"5":{"loc":{"start":{"line":65,"column":4},"end":{"line":70,"column":null}},"type":"if","locations":[{"start":{"line":65,"column":4},"end":{"line":70,"column":null}},{"start":{},"end":{}}],"line":65},"6":{"loc":{"start":{"line":84,"column":20},"end":{"line":84,"column":null}},"type":"cond-expr","locations":[{"start":{"line":84,"column":43},"end":{"line":84,"column":57}},{"start":{"line":84,"column":57},"end":{"line":84,"column":null}}],"line":84}},"s":{"0":1,"1":5,"2":5,"3":5,"4":5,"5":0,"6":5,"7":5,"8":5,"9":1,"10":4,"11":4,"12":1,"13":3,"14":1,"15":2,"16":0,"17":2,"18":0,"19":0,"20":2,"21":2,"22":1,"23":1,"24":3,"25":3,"26":3,"27":3},"f":{"0":5,"1":0,"2":3},"b":{"0":[1,4],"1":[5,4],"2":[1,3],"3":[1,2],"4":[0,2],"5":[0,2],"6":[3,0]},"meta":{"lastBranch":7,"lastFunction":3,"lastStatement":28,"seen":{"s:11:12:11:48":0,"f:20:22:20:Infinity":0,"s:24:17:24:Infinity":1,"s:26:2:93:Infinity":2,"s:27:4:27:Infinity":3,"s:29:17:29:55":4,"f:29:38:29:51":1,"s:29:51:29:53":5,"s:30:24:30:73":6,"s:32:34:36:15":7,"b:38:4:39:Infinity:undefined:undefined:undefined:undefined":0,"s:38:4:39:Infinity":8,"b:38:8:38:17:38:17:38:24":1,"s:39:6:39:Infinity":9,"s:42:29:42:Infinity":10,"b:43:4:46:Infinity:undefined:undefined:undefined:undefined":2,"s:43:4:46:Infinity":11,"s:44:6:46:Infinity":12,"b:49:4:55:Infinity:undefined:undefined:undefined:undefined":3,"s:49:4:55:Infinity":13,"s:50:6:55:Infinity":14,"b:58:4:62:Infinity:undefined:undefined:undefined:undefined":4,"s:58:4:62:Infinity":15,"s:59:6:62:Infinity":16,"b:65:4:70:Infinity:undefined:undefined:undefined:undefined":5,"s:65:4:70:Infinity":17,"s:66:6:69:Infinity":18,"s:70:6:70:Infinity":19,"s:73:28:73:58":20,"s:74:19:74:77":21,"s:76:4:76:Infinity":22,"s:78:4:82:Infinity":23,"s:84:20:84:Infinity":24,"b:84:43:84:57:84:57:84:Infinity":6,"s:85:4:85:Infinity":25,"s:87:4:91:Infinity":26,"f:91:7:91:18":2,"s:93:4:93:Infinity":27}}}
,"/Users/seanalsup/Developer/orchaestaror/src/app/api/transcripts/route.ts": {"path":"/Users/seanalsup/Developer/orchaestaror/src/app/api/transcripts/route.ts","statementMap":{"0":{"start":{"line":8,"column":2},"end":{"line":18,"column":null}},"1":{"start":{"line":9,"column":4},"end":{"line":9,"column":null}},"2":{"start":{"line":11,"column":29},"end":{"line":11,"column":49}},"3":{"start":{"line":12,"column":12},"end":{"line":12,"column":50}},"4":{"start":{"line":13,"column":19},"end":{"line":13,"column":null}},"5":{"start":{"line":15,"column":24},"end":{"line":15,"column":60}},"6":{"start":{"line":16,"column":4},"end":{"line":16,"column":null}},"7":{"start":{"line":18,"column":4},"end":{"line":18,"column":null}}},"fnMap":{"0":{"name":"GET","decl":{"start":{"line":7,"column":22},"end":{"line":7,"column":26}},"loc":{"start":{"line":7,"column":48},"end":{"line":18,"column":null}},"line":7}},"branchMap":{"0":{"loc":{"start":{"line":13,"column":19},"end":{"line":13,"column":null}},"type":"binary-expr","locations":[{"start":{"line":13,"column":19},"end":{"line":13,"column":45}},{"start":{"line":13,"column":49},"end":{"line":13,"column":null}}],"line":13}},"s":{"0":3,"1":3,"2":3,"3":3,"4":3,"5":3,"6":2,"7":1},"f":{"0":3},"b":{"0":[3,2]},"meta":{"lastBranch":1,"lastFunction":1,"lastStatement":8,"seen":{"f:7:22:7:26":0,"s:8:2:18:Infinity":0,"s:9:4:9:Infinity":1,"s:11:29:11:49":2,"s:12:12:12:50":3,"s:13:19:13:Infinity":4,"b:13:19:13:45:13:49:13:Infinity":0,"s:15:24:15:60":5,"s:16:4:16:Infinity":6,"s:18:4:18:Infinity":7}}}
,"/Users/seanalsup/Developer/orchaestaror/src/app/api/transcripts/[id]/route.ts": {"path":"/Users/seanalsup/Developer/orchaestaror/src/app/api/transcripts/[id]/route.ts","statementMap":{"0":{"start":{"line":11,"column":2},"end":{"line":34,"column":null}},"1":{"start":{"line":12,"column":4},"end":{"line":12,"column":null}},"2":{"start":{"line":14,"column":19},"end":{"line":14,"column":null}},"3":{"start":{"line":16,"column":48},"end":{"line":20,"column":15}},"4":{"start":{"line":22,"column":4},"end":{"line":23,"column":null}},"5":{"start":{"line":23,"column":6},"end":{"line":23,"column":null}},"6":{"start":{"line":26,"column":28},"end":{"line":30,"column":47}},"7":{"start":{"line":32,"column":4},"end":{"line":32,"column":null}},"8":{"start":{"line":34,"column":4},"end":{"line":34,"column":null}}},"fnMap":{"0":{"name":"GET","decl":{"start":{"line":7,"column":22},"end":{"line":7,"column":null}},"loc":{"start":{"line":10,"column":2},"end":{"line":34,"column":null}},"line":10}},"branchMap":{"0":{"loc":{"start":{"line":22,"column":4},"end":{"line":23,"column":null}},"type":"if","locations":[{"start":{"line":22,"column":4},"end":{"line":23,"column":null}},{"start":{},"end":{}}],"line":22},"1":{"loc":{"start":{"line":22,"column":8},"end":{"line":22,"column":31}},"type":"binary-expr","locations":[{"start":{"line":22,"column":8},"end":{"line":22,"column":18}},{"start":{"line":22,"column":18},"end":{"line":22,"column":31}}],"line":22},"2":{"loc":{"start":{"line":32,"column":50},"end":{"line":32,"column":63}},"type":"binary-expr","locations":[{"start":{"line":32,"column":50},"end":{"line":32,"column":59}},{"start":{"line":32,"column":59},"end":{"line":32,"column":63}}],"line":32}},"s":{"0":3,"1":3,"2":3,"3":3,"4":3,"5":1,"6":2,"7":2,"8":1},"f":{"0":3},"b":{"0":[1,2],"1":[3,2],"2":[2,1]},"meta":{"lastBranch":3,"lastFunction":1,"lastStatement":9,"seen":{"f:7:22:7:Infinity":0,"s:11:2:34:Infinity":0,"s:12:4:12:Infinity":1,"s:14:19:14:Infinity":2,"s:16:48:20:15":3,"b:22:4:23:Infinity:undefined:undefined:undefined:undefined":0,"s:22:4:23:Infinity":4,"b:22:8:22:18:22:18:22:31":1,"s:23:6:23:Infinity":5,"s:26:28:30:47":6,"s:32:4:32:Infinity":7,"b:32:50:32:59:32:59:32:63":2,"s:34:4:34:Infinity":8}}}
,"/Users/seanalsup/Developer/orchaestaror/src/app/api/transcripts/upload/route.ts": {"path":"/Users/seanalsup/Developer/orchaestaror/src/app/api/transcripts/upload/route.ts","statementMap":{"0":{"start":{"line":11,"column":12},"end":{"line":11,"column":57}},"1":{"start":{"line":12,"column":23},"end":{"line":12,"column":43}},"2":{"start":{"line":14,"column":22},"end":{"line":14,"column":null}},"3":{"start":{"line":17,"column":2},"end":{"line":87,"column":null}},"4":{"start":{"line":18,"column":4},"end":{"line":18,"column":null}},"5":{"start":{"line":19,"column":4},"end":{"line":19,"column":null}},"6":{"start":{"line":21,"column":26},"end":{"line":21,"column":63}},"7":{"start":{"line":22,"column":4},"end":{"line":23,"column":null}},"8":{"start":{"line":23,"column":6},"end":{"line":23,"column":null}},"9":{"start":{"line":26,"column":21},"end":{"line":26,"column":45}},"10":{"start":{"line":27,"column":17},"end":{"line":27,"column":37}},"11":{"start":{"line":28,"column":25},"end":{"line":28,"column":53}},"12":{"start":{"line":29,"column":24},"end":{"line":29,"column":51}},"13":{"start":{"line":30,"column":25},"end":{"line":30,"column":50}},"14":{"start":{"line":32,"column":4},"end":{"line":33,"column":null}},"15":{"start":{"line":33,"column":6},"end":{"line":33,"column":null}},"16":{"start":{"line":36,"column":21},"end":{"line":36,"column":44}},"17":{"start":{"line":38,"column":4},"end":{"line":40,"column":null}},"18":{"start":{"line":38,"column":35},"end":{"line":38,"column":null}},"19":{"start":{"line":39,"column":13},"end":{"line":40,"column":null}},"20":{"start":{"line":39,"column":40},"end":{"line":39,"column":null}},"21":{"start":{"line":40,"column":9},"end":{"line":40,"column":null}},"22":{"start":{"line":42,"column":24},"end":{"line":42,"column":41}},"23":{"start":{"line":44,"column":61},"end":{"line":44,"column":63}},"24":{"start":{"line":45,"column":4},"end":{"line":53,"column":null}},"25":{"start":{"line":46,"column":6},"end":{"line":53,"column":null}},"26":{"start":{"line":47,"column":8},"end":{"line":47,"column":null}},"27":{"start":{"line":49,"column":8},"end":{"line":53,"column":null}},"28":{"start":{"line":51,"column":22},"end":{"line":51,"column":30}},"29":{"start":{"line":53,"column":26},"end":{"line":53,"column":34}},"30":{"start":{"line":57,"column":23},"end":{"line":61,"column":6}},"31":{"start":{"line":63,"column":46},"end":{"line":63,"column":80}},"32":{"start":{"line":65,"column":4},"end":{"line":69,"column":null}},"33":{"start":{"line":66,"column":6},"end":{"line":69,"column":null}},"34":{"start":{"line":72,"column":4},"end":{"line":81,"column":null}},"35":{"start":{"line":83,"column":4},"end":{"line":83,"column":null}},"36":{"start":{"line":85,"column":4},"end":{"line":85,"column":null}},"37":{"start":{"line":87,"column":4},"end":{"line":87,"column":null}}},"fnMap":{"0":{"name":"POST","decl":{"start":{"line":16,"column":22},"end":{"line":16,"column":27}},"loc":{"start":{"line":16,"column":49},"end":{"line":87,"column":null}},"line":16},"1":{"name":"(anonymous_1)","decl":{"start":{"line":51,"column":11},"end":{"line":51,"column":16}},"loc":{"start":{"line":51,"column":22},"end":{"line":51,"column":30}},"line":51},"2":{"name":"(anonymous_2)","decl":{"start":{"line":53,"column":11},"end":{"line":53,"column":16}},"loc":{"start":{"line":53,"column":26},"end":{"line":53,"column":34}},"line":53}},"branchMap":{"0":{"loc":{"start":{"line":22,"column":4},"end":{"line":23,"column":null}},"type":"if","locations":[{"start":{"line":22,"column":4},"end":{"line":23,"column":null}},{"start":{},"end":{}}],"line":22},"1":{"loc":{"start":{"line":22,"column":8},"end":{"line":22,"column":70}},"type":"binary-expr","locations":[{"start":{"line":22,"column":8},"end":{"line":22,"column":25}},{"start":{"line":22,"column":25},"end":{"line":22,"column":70}}],"line":22},"2":{"loc":{"start":{"line":32,"column":4},"end":{"line":33,"column":null}},"type":"if","locations":[{"start":{"line":32,"column":4},"end":{"line":33,"column":null}},{"start":{},"end":{}}],"line":32},"3":{"loc":{"start":{"line":32,"column":8},"end":{"line":32,"column":48}},"type":"binary-expr","locations":[{"start":{"line":32,"column":8},"end":{"line":32,"column":17}},{"start":{"line":32,"column":17},"end":{"line":32,"column":34}},{"start":{"line":32,"column":34},"end":{"line":32,"column":48}}],"line":32},"4":{"loc":{"start":{"line":38,"column":4},"end":{"line":40,"column":null}},"type":"if","locations":[{"start":{"line":38,"column":4},"end":{"line":40,"column":null}},{"start":{"line":39,"column":13},"end":{"line":40,"column":null}}],"line":38},"5":{"loc":{"start":{"line":39,"column":13},"end":{"line":40,"column":null}},"type":"if","locations":[{"start":{"line":39,"column":13},"end":{"line":40,"column":null}},{"start":{"line":40,"column":9},"end":{"line":40,"column":null}}],"line":39},"6":{"loc":{"start":{"line":45,"column":4},"end":{"line":53,"column":null}},"type":"if","locations":[{"start":{"line":45,"column":4},"end":{"line":53,"column":null}},{"start":{},"end":{}}],"line":45},"7":{"loc":{"start":{"line":65,"column":4},"end":{"line":69,"column":null}},"type":"if","locations":[{"start":{"line":65,"column":4},"end":{"line":69,"column":null}},{"start":{},"end":{}}],"line":65}},"s":{"0":1,"1":1,"2":1,"3":3,"4":3,"5":3,"6":3,"7":3,"8":0,"9":3,"10":3,"11":3,"12":3,"13":3,"14":3,"15":1,"16":2,"17":2,"18":0,"19":2,"20":0,"21":2,"22":2,"23":2,"24":2,"25":0,"26":0,"27":0,"28":0,"29":0,"30":2,"31":2,"32":2,"33":1,"34":1,"35":1,"36":1,"37":1},"f":{"0":3,"1":0,"2":0},"b":{"0":[0,3],"1":[3,0],"2":[1,2],"3":[3,2,2],"4":[0,2],"5":[0,2],"6":[0,2],"7":[1,1]},"meta":{"lastBranch":8,"lastFunction":3,"lastStatement":38,"seen":{"s:11:12:11:57":0,"s:12:23:12:43":1,"s:14:22:14:Infinity":2,"f:16:22:16:27":0,"s:17:2:87:Infinity":3,"s:18:4:18:Infinity":4,"s:19:4:19:Infinity":5,"s:21:26:21:63":6,"b:22:4:23:Infinity:undefined:undefined:undefined:undefined":0,"s:22:4:23:Infinity":7,"b:22:8:22:25:22:25:22:70":1,"s:23:6:23:Infinity":8,"s:26:21:26:45":9,"s:27:17:27:37":10,"s:28:25:28:53":11,"s:29:24:29:51":12,"s:30:25:30:50":13,"b:32:4:33:Infinity:undefined:undefined:undefined:undefined":2,"s:32:4:33:Infinity":14,"b:32:8:32:17:32:17:32:34:32:34:32:48":3,"s:33:6:33:Infinity":15,"s:36:21:36:44":16,"b:38:4:40:Infinity:39:13:40:Infinity":4,"s:38:4:40:Infinity":17,"s:38:35:38:Infinity":18,"b:39:13:40:Infinity:40:9:40:Infinity":5,"s:39:13:40:Infinity":19,"s:39:40:39:Infinity":20,"s:40:9:40:Infinity":21,"s:42:24:42:41":22,"s:44:61:44:63":23,"b:45:4:53:Infinity:undefined:undefined:undefined:undefined":6,"s:45:4:53:Infinity":24,"s:46:6:53:Infinity":25,"s:47:8:47:Infinity":26,"s:49:8:53:Infinity":27,"f:51:11:51:16":1,"s:51:22:51:30":28,"f:53:11:53:16":2,"s:53:26:53:34":29,"s:57:23:61:6":30,"s:63:46:63:80":31,"b:65:4:69:Infinity:undefined:undefined:undefined:undefined":7,"s:65:4:69:Infinity":32,"s:66:6:69:Infinity":33,"s:72:4:81:Infinity":34,"s:83:4:83:Infinity":35,"s:85:4:85:Infinity":36,"s:87:4:87:Infinity":37}}}
,"/Users/seanalsup/Developer/orchaestaror/src/app/api/webhooks/[provider]/route.ts": {"path":"/Users/seanalsup/Developer/orchaestaror/src/app/api/webhooks/[provider]/route.ts","statementMap":{"0":{"start":{"line":15,"column":12},"end":{"line":15,"column":47}},"1":{"start":{"line":16,"column":23},"end":{"line":16,"column":null}},"2":{"start":{"line":19,"column":2},"end":{"line":19,"column":null}},"3":{"start":{"line":19,"column":43},"end":{"line":19,"column":null}},"4":{"start":{"line":20,"column":2},"end":{"line":20,"column":null}},"5":{"start":{"line":27,"column":37},"end":{"line":27,"column":null}},"6":{"start":{"line":29,"column":2},"end":{"line":101,"column":null}},"7":{"start":{"line":30,"column":4},"end":{"line":33,"column":null}},"8":{"start":{"line":35,"column":4},"end":{"line":40,"column":null}},"9":{"start":{"line":36,"column":6},"end":{"line":36,"column":null}},"10":{"start":{"line":37,"column":6},"end":{"line":40,"column":null}},"11":{"start":{"line":44,"column":6},"end":{"line":45,"column":70}},"12":{"start":{"line":47,"column":4},"end":{"line":49,"column":null}},"13":{"start":{"line":48,"column":6},"end":{"line":48,"column":null}},"14":{"start":{"line":49,"column":6},"end":{"line":49,"column":null}},"15":{"start":{"line":52,"column":10},"end":{"line":52,"column":46}},"16":{"start":{"line":53,"column":4},"end":{"line":57,"column":null}},"17":{"start":{"line":54,"column":6},"end":{"line":57,"column":null}},"18":{"start":{"line":61,"column":4},"end":{"line":64,"column":null}},"19":{"start":{"line":62,"column":6},"end":{"line":62,"column":null}},"20":{"start":{"line":64,"column":6},"end":{"line":64,"column":null}},"21":{"start":{"line":67,"column":19},"end":{"line":67,"column":46}},"22":{"start":{"line":68,"column":4},"end":{"line":69,"column":null}},"23":{"start":{"line":69,"column":6},"end":{"line":69,"column":null}},"24":{"start":{"line":72,"column":4},"end":{"line":75,"column":null}},"25":{"start":{"line":77,"column":23},"end":{"line":79,"column":null}},"26":{"start":{"line":82,"column":6},"end":{"line":82,"column":40}},"27":{"start":{"line":84,"column":4},"end":{"line":85,"column":null}},"28":{"start":{"line":85,"column":6},"end":{"line":85,"column":null}},"29":{"start":{"line":88,"column":4},"end":{"line":97,"column":null}},"30":{"start":{"line":99,"column":4},"end":{"line":99,"column":null}},"31":{"start":{"line":101,"column":4},"end":{"line":101,"column":null}}},"fnMap":{"0":{"name":"verifySecret","decl":{"start":{"line":18,"column":9},"end":{"line":18,"column":22}},"loc":{"start":{"line":18,"column":67},"end":{"line":20,"column":null}},"line":18},"1":{"name":"POST","decl":{"start":{"line":23,"column":22},"end":{"line":23,"column":null}},"loc":{"start":{"line":26,"column":2},"end":{"line":101,"column":null}},"line":26}},"branchMap":{"0":{"loc":{"start":{"line":19,"column":2},"end":{"line":19,"column":null}},"type":"if","locations":[{"start":{"line":19,"column":2},"end":{"line":19,"column":null}},{"start":{},"end":{}}],"line":19},"1":{"loc":{"start":{"line":35,"column":4},"end":{"line":40,"column":null}},"type":"if","locations":[{"start":{"line":35,"column":4},"end":{"line":40,"column":null}},{"start":{},"end":{}}],"line":35},"2":{"loc":{"start":{"line":44,"column":6},"end":{"line":45,"column":70}},"type":"binary-expr","locations":[{"start":{"line":44,"column":6},"end":{"line":44,"column":45}},{"start":{"line":45,"column":6},"end":{"line":45,"column":70}}],"line":44},"3":{"loc":{"start":{"line":47,"column":4},"end":{"line":49,"column":null}},"type":"if","locations":[{"start":{"line":47,"column":4},"end":{"line":49,"column":null}},{"start":{},"end":{}}],"line":47},"4":{"loc":{"start":{"line":47,"column":8},"end":{"line":47,"column":72}},"type":"binary-expr","locations":[{"start":{"line":47,"column":8},"end":{"line":47,"column":27}},{"start":{"line":47,"column":27},"end":{"line":47,"column":72}}],"line":47},"5":{"loc":{"start":{"line":53,"column":4},"end":{"line":57,"column":null}},"type":"if","locations":[{"start":{"line":53,"column":4},"end":{"line":57,"column":null}},{"start":{},"end":{}}],"line":53},"6":{"loc":{"start":{"line":68,"column":4},"end":{"line":69,"column":null}},"type":"if","locations":[{"start":{"line":68,"column":4},"end":{"line":69,"column":null}},{"start":{},"end":{}}],"line":68},"7":{"loc":{"start":{"line":84,"column":4},"end":{"line":85,"column":null}},"type":"if","locations":[{"start":{"line":84,"column":4},"end":{"line":85,"column":null}},{"start":{},"end":{}}],"line":84}},"s":{"0":1,"1":1,"2":4,"3":1,"4":3,"5":4,"6":4,"7":4,"8":4,"9":0,"10":0,"11":4,"12":4,"13":1,"14":1,"15":3,"16":3,"17":1,"18":2,"19":2,"20":0,"21":2,"22":2,"23":1,"24":1,"25":1,"26":1,"27":1,"28":0,"29":1,"30":1,"31":0},"f":{"0":4,"1":4},"b":{"0":[1,3],"1":[0,4],"2":[4,1],"3":[1,3],"4":[4,4],"5":[1,2],"6":[1,1],"7":[0,1]},"meta":{"lastBranch":8,"lastFunction":2,"lastStatement":32,"seen":{"s:15:12:15:47":0,"s:16:23:16:Infinity":1,"f:18:9:18:22":0,"b:19:2:19:Infinity:undefined:undefined:undefined:undefined":0,"s:19:2:19:Infinity":2,"s:19:43:19:Infinity":3,"s:20:2:20:Infinity":4,"f:23:22:23:Infinity":1,"s:27:37:27:Infinity":5,"s:29:2:101:Infinity":6,"s:30:4:33:Infinity":7,"b:35:4:40:Infinity:undefined:undefined:undefined:undefined":1,"s:35:4:40:Infinity":8,"s:36:6:36:Infinity":9,"s:37:6:40:Infinity":10,"s:44:6:45:70":11,"b:44:6:44:45:45:6:45:70":2,"b:47:4:49:Infinity:undefined:undefined:undefined:undefined":3,"s:47:4:49:Infinity":12,"b:47:8:47:27:47:27:47:72":4,"s:48:6:48:Infinity":13,"s:49:6:49:Infinity":14,"s:52:10:52:46":15,"b:53:4:57:Infinity:undefined:undefined:undefined:undefined":5,"s:53:4:57:Infinity":16,"s:54:6:57:Infinity":17,"s:61:4:64:Infinity":18,"s:62:6:62:Infinity":19,"s:64:6:64:Infinity":20,"s:67:19:67:46":21,"b:68:4:69:Infinity:undefined:undefined:undefined:undefined":6,"s:68:4:69:Infinity":22,"s:69:6:69:Infinity":23,"s:72:4:75:Infinity":24,"s:77:23:79:Infinity":25,"s:82:6:82:40":26,"b:84:4:85:Infinity:undefined:undefined:undefined:undefined":7,"s:84:4:85:Infinity":27,"s:85:6:85:Infinity":28,"s:88:4:97:Infinity":29,"s:99:4:99:Infinity":30,"s:101:4:101:Infinity":31}}}
,"/Users/seanalsup/Developer/orchaestaror/src/lib/errors.ts": {"path":"/Users/seanalsup/Developer/orchaestaror/src/lib/errors.ts","statementMap":{"0":{"start":{"line":4,"column":12},"end":{"line":4,"column":53}},"1":{"start":{"line":11,"column":4},"end":{"line":11,"column":null}},"2":{"start":{"line":9,"column":20},"end":{"line":9,"column":41}},"3":{"start":{"line":12,"column":4},"end":{"line":12,"column":null}},"4":{"start":{"line":18,"column":4},"end":{"line":18,"column":null}},"5":{"start":{"line":24,"column":4},"end":{"line":24,"column":null}},"6":{"start":{"line":30,"column":4},"end":{"line":30,"column":null}},"7":{"start":{"line":36,"column":4},"end":{"line":36,"column":null}},"8":{"start":{"line":42,"column":4},"end":{"line":42,"column":null}},"9":{"start":{"line":49,"column":4},"end":{"line":49,"column":null}},"10":{"start":{"line":50,"column":4},"end":{"line":50,"column":null}},"11":{"start":{"line":62,"column":2},"end":{"line":70,"column":null}},"12":{"start":{"line":63,"column":44},"end":{"line":63,"column":46}},"13":{"start":{"line":64,"column":4},"end":{"line":65,"column":null}},"14":{"start":{"line":65,"column":6},"end":{"line":65,"column":null}},"15":{"start":{"line":67,"column":4},"end":{"line":70,"column":null}},"16":{"start":{"line":73,"column":2},"end":{"line":77,"column":null}},"17":{"start":{"line":74,"column":4},"end":{"line":77,"column":null}},"18":{"start":{"line":80,"column":2},"end":{"line":80,"column":null}},"19":{"start":{"line":81,"column":2},"end":{"line":84,"column":null}}},"fnMap":{"0":{"name":"(anonymous_0)","decl":{"start":{"line":7,"column":2},"end":{"line":7,"column":null}},"loc":{"start":{"line":10,"column":4},"end":{"line":12,"column":null}},"line":10},"1":{"name":"(anonymous_1)","decl":{"start":{"line":17,"column":2},"end":{"line":17,"column":14}},"loc":{"start":{"line":17,"column":51},"end":{"line":18,"column":null}},"line":17},"2":{"name":"(anonymous_2)","decl":{"start":{"line":23,"column":2},"end":{"line":23,"column":14}},"loc":{"start":{"line":23,"column":52},"end":{"line":24,"column":null}},"line":23},"3":{"name":"(anonymous_3)","decl":{"start":{"line":29,"column":2},"end":{"line":29,"column":14}},"loc":{"start":{"line":29,"column":31},"end":{"line":30,"column":null}},"line":29},"4":{"name":"(anonymous_4)","decl":{"start":{"line":35,"column":2},"end":{"line":35,"column":14}},"loc":{"start":{"line":35,"column":37},"end":{"line":36,"column":null}},"line":35},"5":{"name":"(anonymous_5)","decl":{"start":{"line":41,"column":2},"end":{"line":41,"column":14}},"loc":{"start":{"line":41,"column":31},"end":{"line":42,"column":null}},"line":41},"6":{"name":"(anonymous_6)","decl":{"start":{"line":48,"column":2},"end":{"line":48,"column":14}},"loc":{"start":{"line":48,"column":37},"end":{"line":50,"column":null}},"line":48},"7":{"name":"apiError","decl":{"start":{"line":58,"column":16},"end":{"line":58,"column":null}},"loc":{"start":{"line":61,"column":16},"end":{"line":84,"column":null}},"line":61}},"branchMap":{"0":{"loc":{"start":{"line":9,"column":4},"end":{"line":9,"column":null}},"type":"default-arg","locations":[{"start":{"line":9,"column":41},"end":{"line":9,"column":null}}],"line":9},"1":{"loc":{"start":{"line":17,"column":14},"end":{"line":17,"column":51}},"type":"default-arg","locations":[{"start":{"line":17,"column":24},"end":{"line":17,"column":51}}],"line":17},"2":{"loc":{"start":{"line":23,"column":14},"end":{"line":23,"column":52}},"type":"default-arg","locations":[{"start":{"line":23,"column":24},"end":{"line":23,"column":52}}],"line":23},"3":{"loc":{"start":{"line":35,"column":14},"end":{"line":35,"column":37}},"type":"default-arg","locations":[{"start":{"line":35,"column":24},"end":{"line":35,"column":37}}],"line":35},"4":{"loc":{"start":{"line":62,"column":2},"end":{"line":70,"column":null}},"type":"if","locations":[{"start":{"line":62,"column":2},"end":{"line":70,"column":null}},{"start":{},"end":{}}],"line":62},"5":{"loc":{"start":{"line":64,"column":4},"end":{"line":65,"column":null}},"type":"if","locations":[{"start":{"line":64,"column":4},"end":{"line":65,"column":null}},{"start":{},"end":{}}],"line":64},"6":{"loc":{"start":{"line":73,"column":2},"end":{"line":77,"column":null}},"type":"if","locations":[{"start":{"line":73,"column":2},"end":{"line":77,"column":null}},{"start":{},"end":{}}],"line":73}},"s":{"0":19,"1":13,"2":13,"3":13,"4":0,"5":0,"6":9,"7":3,"8":1,"9":0,"10":0,"11":20,"12":0,"13":0,"14":0,"15":0,"16":20,"17":13,"18":7,"19":7},"f":{"0":13,"1":0,"2":0,"3":9,"4":3,"5":1,"6":0,"7":20},"b":{"0":[13],"1":[0],"2":[0],"3":[3],"4":[0,20],"5":[0,0],"6":[13,7]},"meta":{"lastBranch":7,"lastFunction":8,"lastStatement":20,"seen":{"s:4:12:4:53":0,"f:7:2:7:Infinity":0,"b:9:41:9:Infinity":0,"s:11:4:11:Infinity":1,"s:9:20:9:41":2,"s:12:4:12:Infinity":3,"f:17:2:17:14":1,"b:17:24:17:51":1,"s:18:4:18:Infinity":4,"f:23:2:23:14":2,"b:23:24:23:52":2,"s:24:4:24:Infinity":5,"f:29:2:29:14":3,"s:30:4:30:Infinity":6,"f:35:2:35:14":4,"b:35:24:35:37":3,"s:36:4:36:Infinity":7,"f:41:2:41:14":5,"s:42:4:42:Infinity":8,"f:48:2:48:14":6,"s:49:4:49:Infinity":9,"s:50:4:50:Infinity":10,"f:58:16:58:Infinity":7,"b:62:2:70:Infinity:undefined:undefined:undefined:undefined":4,"s:62:2:70:Infinity":11,"s:63:44:63:46":12,"b:64:4:65:Infinity:undefined:undefined:undefined:undefined":5,"s:64:4:65:Infinity":13,"s:65:6:65:Infinity":14,"s:67:4:70:Infinity":15,"b:73:2:77:Infinity:undefined:undefined:undefined:undefined":6,"s:73:2:77:Infinity":16,"s:74:4:77:Infinity":17,"s:80:2:80:Infinity":18,"s:81:2:84:Infinity":19}}}
,"/Users/seanalsup/Developer/orchaestaror/src/lib/validation.ts": {"path":"/Users/seanalsup/Developer/orchaestaror/src/lib/validation.ts","statementMap":{"0":{"start":{"line":4,"column":30},"end":{"line":4,"column":62}},"1":{"start":{"line":8,"column":28},"end":{"line":10,"column":2}},"2":{"start":{"line":12,"column":33},"end":{"line":14,"column":2}},"3":{"start":{"line":16,"column":37},"end":{"line":21,"column":2}},"4":{"start":{"line":23,"column":36},"end":{"line":25,"column":2}},"5":{"start":{"line":27,"column":31},"end":{"line":39,"column":2}},"6":{"start":{"line":41,"column":33},"end":{"line":51,"column":2}},"7":{"start":{"line":53,"column":32},"end":{"line":55,"column":2}},"8":{"start":{"line":54,"column":35},"end":{"line":54,"column":52}},"9":{"start":{"line":57,"column":25},"end":{"line":61,"column":2}},"10":{"start":{"line":67,"column":17},"end":{"line":67,"column":39}},"11":{"start":{"line":68,"column":2},"end":{"line":72,"column":null}},"12":{"start":{"line":69,"column":20},"end":{"line":71,"column":17}},"13":{"start":{"line":70,"column":36},"end":{"line":70,"column":72}},"14":{"start":{"line":72,"column":4},"end":{"line":72,"column":null}},"15":{"start":{"line":74,"column":2},"end":{"line":74,"column":null}},"16":{"start":{"line":81,"column":2},"end":{"line":85,"column":null}}},"fnMap":{"0":{"name":"(anonymous_0)","decl":{"start":{"line":54,"column":21},"end":{"line":54,"column":29}},"loc":{"start":{"line":54,"column":35},"end":{"line":54,"column":52}},"line":54},"1":{"name":"parseBody","decl":{"start":{"line":66,"column":16},"end":{"line":66,"column":29}},"loc":{"start":{"line":66,"column":69},"end":{"line":74,"column":null}},"line":66},"2":{"name":"(anonymous_2)","decl":{"start":{"line":70,"column":7},"end":{"line":70,"column":12}},"loc":{"start":{"line":70,"column":36},"end":{"line":70,"column":72}},"line":70},"3":{"name":"parseListQuery","decl":{"start":{"line":78,"column":16},"end":{"line":78,"column":null}},"loc":{"start":{"line":80,"column":29},"end":{"line":85,"column":null}},"line":80}},"branchMap":{"0":{"loc":{"start":{"line":68,"column":2},"end":{"line":72,"column":null}},"type":"if","locations":[{"start":{"line":68,"column":2},"end":{"line":72,"column":null}},{"start":{},"end":{}}],"line":68},"1":{"loc":{"start":{"line":82,"column":12},"end":{"line":82,"column":null}},"type":"binary-expr","locations":[{"start":{"line":82,"column":12},"end":{"line":82,"column":38}},{"start":{"line":82,"column":42},"end":{"line":82,"column":null}}],"line":82},"2":{"loc":{"start":{"line":83,"column":18},"end":{"line":83,"column":null}},"type":"binary-expr","locations":[{"start":{"line":83,"column":18},"end":{"line":83,"column":50}},{"start":{"line":83,"column":54},"end":{"line":83,"column":null}}],"line":83},"3":{"loc":{"start":{"line":84,"column":11},"end":{"line":84,"column":null}},"type":"binary-expr","locations":[{"start":{"line":84,"column":11},"end":{"line":84,"column":36}},{"start":{"line":84,"column":40},"end":{"line":84,"column":null}}],"line":84}},"s":{"0":9,"1":9,"2":9,"3":9,"4":9,"5":9,"6":9,"7":9,"8":3,"9":9,"10":28,"11":28,"12":7,"13":7,"14":7,"15":21,"16":5},"f":{"0":3,"1":28,"2":7,"3":5},"b":{"0":[7,21],"1":[5,4],"2":[5,5],"3":[5,4]},"meta":{"lastBranch":4,"lastFunction":4,"lastStatement":17,"seen":{"s:4:30:4:62":0,"s:8:28:10:2":1,"s:12:33:14:2":2,"s:16:37:21:2":3,"s:23:36:25:2":4,"s:27:31:39:2":5,"s:41:33:51:2":6,"s:53:32:55:2":7,"f:54:21:54:29":0,"s:54:35:54:52":8,"s:57:25:61:2":9,"f:66:16:66:29":1,"s:67:17:67:39":10,"b:68:2:72:Infinity:undefined:undefined:undefined:undefined":0,"s:68:2:72:Infinity":11,"s:69:20:71:17":12,"f:70:7:70:12":2,"s:70:36:70:72":13,"s:72:4:72:Infinity":14,"s:74:2:74:Infinity":15,"f:78:16:78:Infinity":3,"s:81:2:85:Infinity":16,"b:82:12:82:38:82:42:82:Infinity":1,"b:83:18:83:50:83:54:83:Infinity":2,"b:84:11:84:36:84:40:84:Infinity":3}}}
[...]
19":3,"20":0,"21":9,"22":8,"23":13,"24":9,"25":2},"b":{"0":[4,22],"1":[5,0],"2":[1,3],"3":[1,3],"4":[1,0],"5":[1,3],"6":[7,0],"7":[1,5],"8":[1,0],"9":[1,5],"10":[9,1],"11":[4,5],"12":[9,7,6],"13":[4,3],"14":[1,3],"15":[3,0],"16":[0,4],"17":[1,2],"18":[0,2],"19":[0,0],"20":[0,0],"21":[0,0],"22":[0,0],"23":[0,0],"24":[0,0],"25":[0,0],"26":[0,0],"27":[0,0],"28":[0,0],"29":[0,0],"30":[0,0],"31":[0,0],"32":[0,0],"33":[1,0],"34":[3],"35":[3,0],"36":[1,2],"37":[1,2],"38":[3,5],"39":[2,3],"40":[2,3],"41":[0,8],"42":[203,2562],"43":[1,4,1,1,2],"44":[1,1],"45":[2,1],"46":[1,0]},"meta":{"lastBranch":47,"lastFunction":26,"lastStatement":184,"seen":{"f:30:9:30:18":0,"s:31:30:31:Infinity":0,"b:32:2:32:Infinity:undefined:undefined:undefined:undefined":0,"s:32:2:32:Infinity":1,"s:32:22:32:Infinity":2,"s:33:2:33:Infinity":3,"f:36:9:36:19":1,"s:37:2:37:Infinity":4,"f:40:9:40:17":2,"s:41:2:41:Infinity":5,"f:44:9:44:20":3,"s:45:2:51:Infinity":6,"f:47:19:47:24":4,"s:47:34:50:Infinity":7,"f:54:9:54:18":5,"s:55:2:63:Infinity":8,"f:58:19:58:24":6,"s:58:34:62:Infinity":9,"f:66:9:66:20":7,"s:67:2:70:Infinity":10,"f:73:9:73:25":8,"s:74:2:74:Infinity":11,"f:81:16:81:37":9,"s:82:29:82:31":12,"s:85:2:87:Infinity":13,"s:86:20:86:31":14,"b:87:4:87:Infinity:undefined:undefined:undefined:undefined":1,"s:87:4:87:Infinity":15,"s:87:17:87:Infinity":16,"b:91:2:94:Infinity:undefined:undefined:undefined:undefined":2,"s:91:2:94:Infinity":17,"s:92:4:92:Infinity":18,"s:93:4:93:Infinity":19,"s:94:4:94:Infinity":20,"b:98:2:103:Infinity:undefined:undefined:undefined:undefined":3,"s:98:2:103:Infinity":21,"s:99:4:99:Infinity":22,"s:100:4:100:Infinity":23,"s:101:4:103:Infinity":24,"s:102:22:102:33":25,"b:103:6:103:Infinity:undefined:undefined:undefined:undefined":4,"s:103:6:103:Infinity":26,"s:103:19:103:Infinity":27,"b:108:2:111:Infinity:undefined:undefined:undefined:undefined":5,"s:108:2:111:Infinity":28,"s:109:4:109:Infinity":29,"s:110:4:110:Infinity":30,"s:111:4:111:Infinity":31,"s:114:2:114:Infinity":32,"f:121:16:121:31":10,"s:122:29:122:31":33,"s:125:2:127:Infinity":34,"s:126:20:126:31":35,"b:127:4:127:Infinity:undefined:undefined:undefined:undefined":6,"s:127:4:127:Infinity":36,"s:127:17:127:Infinity":37,"b:131:2:140:Infinity:undefined:undefined:undefined:undefined":7,"s:131:2:140:Infinity":38,"s:132:4:132:Infinity":39,"s:133:4:135:Infinity":40,"s:136:4:140:Infinity":41,"s:137:17:139:Infinity":42,"b:138:10:138:Infinity:139:10:139:Infinity":8,"s:140:6:140:Infinity":43,"b:145:2:152:Infinity:undefined:undefined:undefined:undefined":9,"s:145:2:152:Infinity":44,"s:146:4:146:Infinity":45,"s:147:4:147:Infinity":46,"s:148:4:152:Infinity":47,"s:149:6:151:Infinity":48,"s:152:6:152:Infinity":49,"s:156:2:156:Infinity":50,"f:167:16:167:44":11,"s:168:18:168:Infinity":51,"s:169:16:169:Infinity":52,"s:170:19:170:Infinity":53,"s:171:25:171:Infinity":54,"b:171:25:171:61:171:61:171:Infinity":10,"b:173:2:174:Infinity:undefined:undefined:undefined:undefined":11,"s:173:2:174:Infinity":55,"b:173:6:173:18:173:18:173:28:173:28:173:39":12,"s:174:4:174:Infinity":56,"s:177:2:177:Infinity":57,"f:180:9:180:21":12,"s:181:15:181:83":58,"s:182:2:186:Infinity":59,"f:192:22:192:Infinity":13,"s:196:17:196:32":60,"s:197:18:197:Infinity":61,"b:197:18:197:32:197:32:197:Infinity":13,"s:198:14:198:56":62,"s:202:26:202:Infinity":63,"b:203:2:204:Infinity:undefined:undefined:undefined:undefined":14,"s:203:2:204:Infinity":64,"s:204:4:204:Infinity":65,"s:207:22:207:42":66,"s:209:43:217:Infinity":67,"b:216:14:216:29:216:29:216:Infinity":15,"b:220:2:223:Infinity:undefined:undefined:undefined:undefined":16,"s:220:2:223:Infinity":68,"s:221:5:223:Infinity":69,"s:226:2:226:Infinity":70,"s:228:19:232:4":71,"b:234:2:240:Infinity:undefined:undefined:undefined:undefined":17,"s:234:2:240:Infinity":72,"s:235:22:235:43":73,"s:236:4:239:Infinity":74,"s:240:4:240:Infinity":75,"s:243:18:243:39":76,"b:246:2:253:Infinity:undefined:undefined:undefined:undefined":18,"s:246:2:253:Infinity":77,"s:247:4:253:Infinity":78,"b:248:6:253:Infinity:undefined:undefined:undefined:undefined":19,"s:248:6:253:Infinity":79,"s:249:33:249:82":80,"b:250:8:253:Infinity:undefined:undefined:undefined:undefined":20,"s:250:8:253:Infinity":81,"s:251:10:253:Infinity":82,"f:251:65:251:72":14,"s:252:12:252:77":83,"s:259:19:259:Infinity":84,"s:260:2:260:Infinity":85,"s:263:2:266:Infinity":86,"s:268:2:268:Infinity":87,"f:278:22:278:Infinity":15,"s:282:17:282:32":88,"s:283:18:283:Infinity":89,"b:283:18:283:32:283:32:283:Infinity":21,"b:286:2:295:Infinity:294:9:295:Infinity":22,"s:286:2:295:Infinity":90,"s:287:28:291:15":91,"b:292:4:292:Infinity:undefined:undefined:undefined:undefined":23,"s:292:4:292:Infinity":92,"b:292:8:292:17:292:17:292:24":24,"s:292:24:292:Infinity":93,"s:293:4:293:Infinity":94,"s:295:4:295:Infinity":95,"s:298:14:298:56":96,"s:300:23:300:53":97,"b:303:2:307:Infinity:undefined:undefined:undefined:undefined":25,"s:303:2:307:Infinity":98,"s:304:4:307:Infinity":99,"s:310:22:310:56":100,"s:312:43:320:Infinity":101,"b:323:2:326:Infinity:undefined:undefined:undefined:undefined":26,"s:323:2:326:Infinity":102,"s:324:5:326:Infinity":103,"s:329:27:329:Infinity":104,"b:330:2:332:Infinity:undefined:undefined:undefined:undefined":27,"s:330:2:332:Infinity":105,"b:330:6:330:34:330:34:330:52":28,"s:331:5:332:Infinity":106,"s:335:2:335:Infinity":107,"s:337:19:341:4":108,"b:343:2:349:Infinity:undefined:undefined:undefined:undefined":29,"s:343:2:349:Infinity":109,"s:344:22:344:43":110,"s:345:4:348:Infinity":111,"s:349:4:349:Infinity":112,"s:352:18:352:39":113,"s:353:19:353:Infinity":114,"b:356:2:363:Infinity:undefined:undefined:undefined:undefined":30,"s:356:2:363:Infinity":115,"s:357:4:363:Infinity":116,"b:358:6:363:Infinity:undefined:undefined:undefined:undefined":31,"s:358:6:363:Infinity":117,"s:359:33:359:82":118,"b:360:8:363:Infinity:undefined:undefined:undefined:undefined":32,"s:360:8:363:Infinity":119,"s:361:10:363:Infinity":120,"f:361:65:361:72":16,"s:362:12:362:77":121,"s:369:2:377:Infinity":122,"s:379:2:382:Infinity":123,"s:384:2:384:Infinity":124,"f:390:15:390:Infinity":17,"s:394:2:406:Infinity":125,"s:395:21:397:Infinity":126,"b:400:4:400:Infinity:undefined:undefined:undefined:undefined":33,"s:400:4:400:Infinity":127,"s:400:22:400:Infinity":128,"s:402:19:402:40":129,"s:403:4:403:Infinity":130,"s:405:4:405:Infinity":131,"s:406:4:406:Infinity":132,"f:410:15:410:Infinity":18,"s:415:2:419:Infinity":133,"f:426:22:426:Infinity":19,"b:430:25:430:Infinity":34,"s:432:21:432:46":134,"b:432:21:432:31:432:31:432:46":35,"s:435:14:435:Infinity":135,"s:436:19:438:Infinity":136,"b:441:2:441:Infinity:undefined:undefined:undefined:undefined":36,"s:441:2:441:Infinity":137,"s:441:20:441:Infinity":138,"s:443:16:443:37":139,"s:447:26:447:48":140,"s:448:82:448:84":141,"s:450:2:460:Infinity":142,"s:451:23:453:Infinity":143,"b:455:4:460:Infinity:undefined:undefined:undefined:undefined":37,"s:455:4:460:Infinity":144,"s:456:6:460:Infinity":145,"s:464:2:464:Infinity":146,"f:464:20:464:26":20,"s:464:35:464:63":147,"f:468:16:468:32":21,"s:469:2:473:Infinity":148,"f:477:16:477:38":22,"b:478:2:478:Infinity:undefined:undefined:undefined:undefined":38,"s:478:2:478:Infinity":149,"s:478:15:478:Infinity":150,"s:479:17:479:Infinity":151,"b:479:39:479:43:479:43:479:Infinity":39,"s:480:18:480:Infinity":152,"b:480:40:480:44:480:44:480:Infinity":40,"b:481:2:481:Infinity:undefined:undefined:undefined:undefined":41,"s:481:2:481:Infinity":153,"s:481:27:481:Infinity":154,"s:483:19:483:55":155,"s:484:2:484:Infinity":156,"f:488:16:488:36":23,"s:489:29:489:31":157,"s:491:2:491:Infinity":158,"s:491:15:491:18":159,"s:491:38:491:Infinity":160,"s:492:2:492:Infinity":161,"s:492:15:492:18":162,"s:492:38:492:Infinity":163,"s:494:2:501:Infinity":164,"s:494:15:494:18":165,"s:495:4:501:Infinity":166,"s:495:17:495:20":167,"s:496:19:496:Infinity":168,"b:496:43:496:47:496:47:496:Infinity":42,"s:497:6:501:Infinity":169,"s:505:2:505:Infinity":170,"f:509:16:509:28":24,"b:511:4:512:Infinity:513:4:514:Infinity:515:4:516:Infinity:517:4:518:Infinity:519:4:520:Infinity":43,"s:510:2:520:Infinity":171,"s:512:6:512:Infinity":172,"s:514:6:514:Infinity":173,"s:516:6:516:Infinity":174,"s:518:6:518:Infinity":175,"s:520:6:520:Infinity":176,"f:527:22:527:40":25,"s:528:32:532:13":177,"b:534:2:535:Infinity:undefined:undefined:undefined:undefined":44,"s:534:2:535:Infinity":178,"b:534:6:534:15:534:15:534:22":45,"s:535:4:535:Infinity":179,"b:538:2:539:Infinity:undefined:undefined:undefined:undefined":46,"s:538:2:539:Infinity":180,"s:539:4:539:Infinity":181,"s:543:2:546:Infinity":182,"s:548:2:548:Infinity":183}}}
,"/Users/seanalsup/Developer/orchaestaror/src/lib/services/notifications.ts": {"path":"/Users/seanalsup/Developer/orchaestaror/src/lib/services/notifications.ts","statementMap":{"0":{"start":{"line":5,"column":12},"end":{"line":5,"column":54}},"1":{"start":{"line":34,"column":56},"end":{"line":34,"column":null}},"2":{"start":{"line":37,"column":2},"end":{"line":47,"column":null}},"3":{"start":{"line":38,"column":4},"end":{"line":45,"column":null}},"4":{"start":{"line":47,"column":4},"end":{"line":47,"column":null}},"5":{"start":{"line":51,"column":2},"end":{"line":52,"column":null}},"6":{"start":{"line":52,"column":4},"end":{"line":52,"column":null}},"7":{"start":{"line":63,"column":2},"end":{"line":63,"column":null}},"8":{"start":{"line":75,"column":25},"end":{"line":76,"column":null}},"9":{"start":{"line":76,"column":11},"end":{"line":76,"column":null}},"10":{"start":{"line":78,"column":2},"end":{"line":78,"column":null}},"11":{"start":{"line":78,"column":35},"end":{"line":78,"column":null}},"12":{"start":{"line":80,"column":17},"end":{"line":80,"column":null}},"13":{"start":{"line":81,"column":16},"end":{"line":81,"column":null}},"14":{"start":{"line":83,"column":2},"end":{"line":136,"column":null}},"15":{"start":{"line":87,"column":78},"end":{"line":87,"column":96}},"16":{"start":{"line":91,"column":43},"end":{"line":91,"column":48}},"17":{"start":{"line":118,"column":18},"end":{"line":118,"column":null}},"18":{"start":{"line":146,"column":22},"end":{"line":146,"column":null}},"19":{"start":{"line":148,"column":2},"end":{"line":183,"column":null}},"20":{"start":{"line":152,"column":29},"end":{"line":152,"column":56}},"21":{"start":{"line":176,"column":18},"end":{"line":176,"column":null}},"22":{"start":{"line":194,"column":2},"end":{"line":217,"column":null}},"23":{"start":{"line":228,"column":2},"end":{"line":251,"column":null}},"24":{"start":{"line":262,"column":2},"end":{"line":272,"column":null}},"25":{"start":{"line":278,"column":2},"end":{"line":286,"column":null}},"26":{"start":{"line":290,"column":21},"end":{"line":290,"column":null}},"27":{"start":{"line":291,"column":2},"end":{"line":291,"column":null}},"28":{"start":{"line":291,"column":19},"end":{"line":291,"column":null}},"29":{"start":{"line":293,"column":2},"end":{"line":304,"column":null}},"30":{"start":{"line":294,"column":21},"end":{"line":298,"column":6}},"31":{"start":{"line":300,"column":4},"end":{"line":301,"column":null}},"32":{"start":{"line":301,"column":6},"end":{"line":301,"column":null}},"33":{"start":{"line":304,"column":4},"end":{"line":304,"column":null}}},"fnMap":{"0":{"name":"notify","decl":{"start":{"line":30,"column":22},"end":{"line":30,"column":null}},"loc":{"start":{"line":33,"column":17},"end":{"line":52,"column":null}},"line":33},"1":{"name":"notifyAll","decl":{"start":{"line":59,"column":22},"end":{"line":59,"column":null}},"loc":{"start":{"line":62,"column":17},"end":{"line":63,"column":null}},"line":62},"2":{"name":"notifyNewInterviews","decl":{"start":{"line":71,"column":22},"end":{"line":71,"column":null}},"loc":{"start":{"line":74,"column":17},"end":{"line":136,"column":null}},"line":74},"3":{"name":"(anonymous_3)","decl":{"start":{"line":75,"column":31},"end":{"line":75,"column":null}},"loc":{"start":{"line":76,"column":11},"end":{"line":76,"column":null}},"line":76},"4":{"name":"(anonymous_4)","decl":{"start":{"line":87,"column":67},"end":{"line":87,"column":72}},"loc":{"start":{"line":87,"column":78},"end":{"line":87,"column":96}},"line":87},"5":{"name":"(anonymous_5)","decl":{"start":{"line":91,"column":32},"end":{"line":91,"column":37}},"loc":{"start":{"line":91,"column":43},"end":{"line":91,"column":48}},"line":91},"6":{"name":"(anonymous_6)","decl":{"start":{"line":116,"column":15},"end":{"line":116,"column":null}},"loc":{"start":{"line":118,"column":18},"end":{"line":118,"column":null}},"line":118},"7":{"name":"notifyAutoCreatedTasks","decl":{"start":{"line":142,"column":22},"end":{"line":142,"column":null}},"loc":{"start":{"line":145,"column":17},"end":{"line":183,"column":null}},"line":145},"8":{"name":"(anonymous_8)","decl":{"start":{"line":152,"column":18},"end":{"line":152,"column":23}},"loc":{"start":{"line":152,"column":29},"end":{"line":152,"column":56}},"line":152},"9":{"name":"(anonymous_9)","decl":{"start":{"line":174,"column":15},"end":{"line":174,"column":null}},"loc":{"start":{"line":176,"column":18},"end":{"line":176,"column":null}},"line":176},"10":{"name":"notifyPushFailed","decl":{"start":{"line":189,"column":22},"end":{"line":189,"column":null}},"loc":{"start":{"line":193,"column":17},"end":{"line":217,"column":null}},"line":193},"11":{"name":"notifyInterviewCompleted","decl":{"start":{"line":223,"column":22},"end":{"line":223,"column":null}},"loc":{"start":{"line":227,"column":17},"end":{"line":251,"column":null}},"line":227},"12":{"name":"notifyClaimExpiring","decl":{"start":{"line":257,"column":22},"end":{"line":257,"column":null}},"loc":{"start":{"line":261,"column":17},"end":{"line":272,"column":null}},"line":261},"13":{"name":"buildDefaultSlackBlocks","decl":{"start":{"line":277,"column":9},"end":{"line":277,"column":33}},"loc":{"start":{"line":277,"column":67},"end":{"line":286,"column":null}},"line":277},"14":{"name":"sendSlack","decl":{"start":{"line":289,"column":15},"end":{"line":289,"column":25}},"loc":{"start":{"line":289,"column":59},"end":{"line":304,"column":null}},"line":289}},"branchMap":{"0":{"loc":{"start":{"line":39,"column":15},"end":{"line":39,"column":null}},"type":"binary-expr","locations":[{"start":{"line":39,"column":15},"end":{"line":39,"column":25}},{"start":{"line":39,"column":25},"end":{"line":39,"column":null}}],"line":39},"1":{"loc":{"start":{"line":42,"column":12},"end":{"line":42,"column":null}},"type":"binary-expr","locations":[{"start":{"line":42,"column":12},"end":{"line":42,"column":20}},{"start":{"line":42,"column":20},"end":{"line":42,"column":null}}],"line":42},"2":{"loc":{"start":{"line":43,"column":12},"end":{"line":43,"column":null}},"type":"binary-expr","locations":[{"start":{"line":43,"column":12},"end":{"line":43,"column":20}},{"start":{"line":43,"column":20},"end":{"line":43,"column":null}}],"line":43},"3":{"loc":{"start":{"line":44,"column":16},"end":{"line":44,"column":null}},"type":"binary-expr","locations":[{"start":{"line":44,"column":16},"end":{"line":44,"column":28}},{"start":{"line":44,"column":28},"end":{"line":44,"column":null}}],"line":44},"4":{"loc":{"start":{"line":51,"column":2},"end":{"line":52,"column":null}},"type":"if","locations":[{"start":{"line":51,"column":2},"end":{"line":52,"column":null}},{"start":{},"end":{}}],"line":51},"5":{"loc":{"start":{"line":52,"column":20},"end":{"line":52,"column":81}},"type":"binary-expr","locations":[{"start":{"line":52,"column":20},"end":{"line":52,"column":44}},{"start":{"line":52,"column":44},"end":{"line":52,"column":81}}],"line":52},"6":{"loc":{"start":{"line":78,"column":2},"end":{"line":78,"column":null}},"type":"if","locations":[{"start":{"line":78,"column":2},"end":{"line":78,"column":null}},{"start":{},"end":{}}],"line":78},"7":{"loc":{"start":{"line":80,"column":17},"end":{"line":80,"column":null}},"type":"binary-expr","locations":[{"start":{"line":80,"column":17},"end":{"line":80,"column":52}},{"start":{"line":80,"column":52},"end":{"line":80,"column":null}}],"line":80},"8":{"loc":{"start":{"line":86,"column":29},"end":{"line":86,"column":50}},"type":"cond-expr","locations":[{"start":{"line":86,"column":41},"end":{"line":86,"column":47}},{"start":{"line":86,"column":47},"end":{"line":86,"column":50}}],"line":86},"9":{"loc":{"start":{"line":86,"column":57},"end":{"line":86,"column":80}},"type":"cond-expr","locations":[{"start":{"line":86,"column":71},"end":{"line":86,"column":77}},{"start":{"line":86,"column":77},"end":{"line":86,"column":80}}],"line":86},"10":{"loc":{"start":{"line":146,"column":22},"end":{"line":146,"column":null}},"type":"binary-expr","locations":[{"start":{"line":146,"column":22},"end":{"line":146,"column":51}},{"start":{"line":146,"column":51},"end":{"line":146,"column":null}}],"line":146},"11":{"loc":{"start":{"line":151,"column":36},"end":{"line":151,"column":64}},"type":"cond-expr","locations":[{"start":{"line":151,"column":55},"end":{"line":151,"column":61}},{"start":{"line":151,"column":61},"end":{"line":151,"column":64}}],"line":151},"12":{"loc":{"start":{"line":283,"column":29},"end":{"line":283,"column":null}},"type":"cond-expr","locations":[{"start":{"line":283,"column":38},"end":{"line":283,"column":54}},{"start":{"line":283,"column":54},"end":{"line":283,"column":null}}],"line":283},"13":{"loc":{"start":{"line":291,"column":2},"end":{"line":291,"column":null}},"type":"if","locations":[{"start":{"line":291,"column":2},"end":{"line":291,"column":null}},{"start":{},"end":{}}],"line":291},"14":{"loc":{"start":{"line":300,"column":4},"end":{"line":301,"column":null}},"type":"if","locations":[{"start":{"line":300,"column":4},"end":{"line":301,"column":null}},{"start":{},"end":{}}],"line":300}},"s":{"0":1,"1":10,"2":10,"3":10,"4":0,"5":10,"6":8,"7":6,"8":3,"9":3,"10":3,"11":1,"12":2,"13":3,"14":3,"15":2,"16":2,"17":2,"18":2,"19":2,"20":2,"21":2,"22":1,"23":1,"24":1,"25":2,"26":8,"27":8,"28":2,"29":6,"30":6,"31":5,"32":0,"33":1},"f":{"0":10,"1":6,"2":3,"3":3,"4":2,"5":2,"6":2,"7":2,"8":2,"9":2,"10":1,"11":1,"12":1,"13":2,"14":8},"b":{"0":[10,9],"1":[10,2],"2":[10,2],"3":[10,3],"4":[8,2],"5":[8,2],"6":[1,2],"7":[2,2],"8":[0,2],"9":[2,0],"10":[2,0],"11":[0,2],"12":[1,1],"13":[2,6],"14":[0,5]},"meta":{"lastBranch":15,"lastFunction":15,"lastStatement":34,"seen":{"s:5:12:5:54":0,"f:30:22:30:Infinity":0,"s:34:56:34:Infinity":1,"s:37:2:47:Infinity":2,"s:38:4:45:Infinity":3,"b:39:15:39:25:39:25:39:Infinity":0,"b:42:12:42:20:42:20:42:Infinity":1,"b:43:12:43:20:43:20:43:Infinity":2,"b:44:16:44:28:44:28:44:Infinity":3,"s:47:4:47:Infinity":4,"b:51:2:52:Infinity:undefined:undefined:undefined:undefined":4,"s:51:2:52:Infinity":5,"s:52:4:52:Infinity":6,"b:52:20:52:44:52:44:52:81":5,"f:59:22:59:Infinity":1,"s:63:2:63:Infinity":7,"f:71:22:71:Infinity":2,"s:75:25:76:Infinity":8,"f:75:31:75:Infinity":3,"s:76:11:76:Infinity":9,"b:78:2:78:Infinity:undefined:undefined:undefined:undefined":6,"s:78:2:78:Infinity":10,"s:78:35:78:Infinity":11,"s:80:17:80:Infinity":12,"b:80:17:80:52:80:52:80:Infinity":7,"s:81:16:81:Infinity":13,"s:83:2:136:Infinity":14,"b:86:41:86:47:86:47:86:50":8,"b:86:71:86:77:86:77:86:80":9,"f:87:67:87:72":4,"s:87:78:87:96":15,"f:91:32:91:37":5,"s:91:43:91:48":16,"f:116:15:116:Infinity":6,"s:118:18:118:Infinity":17,"f:142:22:142:Infinity":7,"s:146:22:146:Infinity":18,"b:146:22:146:51:146:51:146:Infinity":10,"s:148:2:183:Infinity":19,"b:151:55:151:61:151:61:151:64":11,"f:152:18:152:23":8,"s:152:29:152:56":20,"f:174:15:174:Infinity":9,"s:176:18:176:Infinity":21,"f:189:22:189:Infinity":10,"s:194:2:217:Infinity":22,"f:223:22:223:Infinity":11,"s:228:2:251:Infinity":23,"f:257:22:257:Infinity":12,"s:262:2:272:Infinity":24,"f:277:9:277:33":13,"s:278:2:286:Infinity":25,"b:283:38:283:54:283:54:283:Infinity":12,"f:289:15:289:25":14,"s:290:21:290:Infinity":26,"b:291:2:291:Infinity:undefined:undefined:undefined:undefined":13,"s:291:2:291:Infinity":27,"s:291:19:291:Infinity":28,"s:293:2:304:Infinity":29,"s:294:21:298:6":30,"b:300:4:301:Infinity:undefined:undefined:undefined:undefined":14,"s:300:4:301:Infinity":31,"s:301:6:301:Infinity":32,"s:304:4:304:Infinity":33}}}
}
